info: ::1 - - [10/Aug/2024:06:10:18 +0000] "POST /api/v1/users/login HTTP/1.1" 200 405 "-" "PostmanRuntime/7.41.0"

info: ::1 - - [10/Aug/2024:06:12:01 +0000] "POST /api/v1/notes/create HTTP/1.1" 200 199 "-" "PostmanRuntime/7.41.0"

info: ::1 - - [10/Aug/2024:06:14:27 +0000] "POST /api/v1/notes/create HTTP/1.1" 200 199 "-" "PostmanRuntime/7.41.0"

info: ::1 - - [10/Aug/2024:06:23:12 +0000] "GET /api/v1/notes/allNotes HTTP/1.1" 200 445 "-" "PostmanRuntime/7.41.0"

info: ::1 - - [10/Aug/2024:06:23:48 +0000] "POST /api/v1/users/login HTTP/1.1" 200 405 "-" "PostmanRuntime/7.41.0"

info: ::1 - - [10/Aug/2024:06:24:21 +0000] "GET /api/v1/notes/allNotes HTTP/1.1" 500 123 "-" "PostmanRuntime/7.41.0"

info: ::1 - - [10/Aug/2024:06:29:32 +0000] "GET /api/v1/notes/allNotes HTTP/1.1" 200 984 "-" "PostmanRuntime/7.41.0"

info: ::1 - - [10/Aug/2024:09:02:28 +0000] "POST /api/v1/users/login HTTP/1.1" 200 403 "-" "PostmanRuntime/7.41.0"

info: ::1 - - [10/Aug/2024:09:03:44 +0000] "GET /api/v1/notes/getNote/8 HTTP/1.1" 200 204 "-" "PostmanRuntime/7.41.0"

info: ::1 - - [10/Aug/2024:09:22:08 +0000] "POST /api/v1/notes/update/10 HTTP/1.1" 500 46 "-" "PostmanRuntime/7.41.0"

info: ::1 - - [10/Aug/2024:09:22:20 +0000] "POST /api/v1/users/login HTTP/1.1" 200 403 "-" "PostmanRuntime/7.41.0"

info: ::1 - - [10/Aug/2024:09:22:56 +0000] "POST /api/v1/notes/update/10 HTTP/1.1" 200 50 "-" "PostmanRuntime/7.41.0"

info: ::1 - - [10/Aug/2024:09:34:29 +0000] "POST /api/v1/notes/update/10 HTTP/1.1" 500 101 "-" "PostmanRuntime/7.41.0"

info: ::1 - - [10/Aug/2024:09:38:28 +0000] "POST /api/v1/notes/update/10 HTTP/1.1" 500 101 "-" "PostmanRuntime/7.41.0"

info: ::1 - - [10/Aug/2024:09:42:42 +0000] "POST /api/v1/notes/update/10 HTTP/1.1" 500 101 "-" "PostmanRuntime/7.41.0"

info: ::1 - - [10/Aug/2024:09:44:17 +0000] "POST /api/v1/notes/update/10 HTTP/1.1" 500 101 "-" "PostmanRuntime/7.41.0"

info: ::1 - - [10/Aug/2024:09:46:43 +0000] "POST /api/v1/notes/update/10 HTTP/1.1" 500 101 "-" "PostmanRuntime/7.41.0"

info: ::1 - - [10/Aug/2024:09:46:46 +0000] "POST /api/v1/notes/update/10 HTTP/1.1" 500 101 "-" "PostmanRuntime/7.41.0"

info: ::1 - - [10/Aug/2024:09:47:16 +0000] "POST /api/v1/notes/update/10 HTTP/1.1" 500 101 "-" "PostmanRuntime/7.41.0"

info: ::1 - - [10/Aug/2024:09:50:02 +0000] "POST /api/v1/notes/update/10 HTTP/1.1" 200 180 "-" "PostmanRuntime/7.41.0"

info: ::1 - - [10/Aug/2024:10:01:34 +0000] "POST /api/v1/notes/archive/10 HTTP/1.1" 200 73 "-" "PostmanRuntime/7.41.0"

info: ::1 - - [10/Aug/2024:10:08:59 +0000] "POST /api/v1/notes/trash/10 HTTP/1.1" 200 72 "-" "PostmanRuntime/7.41.0"

info: ::1 - - [10/Aug/2024:10:15:38 +0000] "POST /api/v1/notes/trash/10 HTTP/1.1" 200 72 "-" "PostmanRuntime/7.41.0"

