info: ::1 - - [15/Aug/2024:12:00:11 +0000] "POST /api/v1/users/login HTTP/1.1" 200 403 "-" "PostmanRuntime/7.41.1"

info: ::1 - - [15/Aug/2024:12:03:15 +0000] "GET /api/v1/notes/getNote/8 HTTP/1.1" 200 204 "-" "PostmanRuntime/7.41.1"

info: ::1 - - [15/Aug/2024:12:04:08 +0000] "GET /api/v1/notes/allNotes HTTP/1.1" 200 341 "-" "PostmanRuntime/7.41.1"

info: ::1 - - [15/Aug/2024:12:09:41 +0000] "POST /api/v1/notes/update/8 HTTP/1.1" 500 46 "-" "PostmanRuntime/7.41.1"

info: ::1 - - [15/Aug/2024:12:10:19 +0000] "POST /api/v1/notes/update/8 HTTP/1.1" 200 184 "-" "PostmanRuntime/7.41.1"

info: ::1 - - [15/Aug/2024:12:10:43 +0000] "GET /api/v1/notes/allNotes HTTP/1.1" 200 321 "-" "PostmanRuntime/7.41.1"

info: ::1 - - [15/Aug/2024:12:11:48 +0000] "POST /api/v1/notes/create HTTP/1.1" 200 199 "-" "PostmanRuntime/7.41.1"

info: ::1 - - [15/Aug/2024:12:15:19 +0000] "GET /api/v1/notes/allNotes HTTP/1.1" 200 463 "-" "PostmanRuntime/7.41.1"

info: ::1 - - [15/Aug/2024:12:26:15 +0000] "POST /api/v1/users/login HTTP/1.1" 200 403 "-" "PostmanRuntime/7.41.1"

info: ::1 - - [15/Aug/2024:12:26:41 +0000] "GET /api/v1/notes/allNotes HTTP/1.1" 200 463 "-" "PostmanRuntime/7.41.1"

info: ::1 - - [15/Aug/2024:12:27:36 +0000] "GET /api/v1/notes/allNotes HTTP/1.1" 200 463 "-" "PostmanRuntime/7.41.1"

info: ::1 - - [15/Aug/2024:12:28:17 +0000] "GET /api/v1/notes/allNotes HTTP/1.1" 200 463 "-" "PostmanRuntime/7.41.1"

info: ::1 - - [15/Aug/2024:12:28:37 +0000] "GET /api/v1/notes/allNotes HTTP/1.1" 200 463 "-" "PostmanRuntime/7.41.1"

info: ::1 - - [15/Aug/2024:12:30:27 +0000] "GET /api/v1/notes/allNotes HTTP/1.1" 200 463 "-" "PostmanRuntime/7.41.1"

info: ::1 - - [15/Aug/2024:12:30:41 +0000] "GET /api/v1/notes/allNotes HTTP/1.1" 200 463 "-" "PostmanRuntime/7.41.1"

info: ::1 - - [15/Aug/2024:12:38:31 +0000] "GET /api/v1/notes/allNotes HTTP/1.1" 500 72 "-" "PostmanRuntime/7.41.1"

info: ::1 - - [15/Aug/2024:12:40:12 +0000] "POST /api/v1/users/login HTTP/1.1" 200 403 "-" "PostmanRuntime/7.41.1"

info: ::1 - - [15/Aug/2024:12:40:45 +0000] "GET /api/v1/notes/allNotes HTTP/1.1" 500 72 "-" "PostmanRuntime/7.41.1"

info: ::1 - - [15/Aug/2024:12:43:43 +0000] "POST /api/v1/users/login HTTP/1.1" 200 403 "-" "PostmanRuntime/7.41.1"

info: ::1 - - [15/Aug/2024:12:44:10 +0000] "GET /api/v1/notes/allNotes HTTP/1.1" 500 72 "-" "PostmanRuntime/7.41.1"

info: ::1 - - [15/Aug/2024:12:44:14 +0000] "GET /api/v1/notes/allNotes HTTP/1.1" 500 72 "-" "PostmanRuntime/7.41.1"

info: ::1 - - [15/Aug/2024:12:45:32 +0000] "GET /api/v1/users//getuser/7 HTTP/1.1" 404 47 "-" "PostmanRuntime/7.41.1"

info: ::1 - - [15/Aug/2024:12:45:42 +0000] "GET /api/v1/users//getuser/6 HTTP/1.1" 404 47 "-" "PostmanRuntime/7.41.1"

info: ::1 - - [15/Aug/2024:12:46:25 +0000] "GET /api/v1/users/getuser/6 HTTP/1.1" 404 47 "-" "PostmanRuntime/7.41.1"

info: ::1 - - [15/Aug/2024:12:46:28 +0000] "GET /api/v1/users/getuser/6 HTTP/1.1" 404 47 "-" "PostmanRuntime/7.41.1"

info: ::1 - - [15/Aug/2024:12:47:14 +0000] "GET /api/v1/users/getuser/6 HTTP/1.1" 500 72 "-" "PostmanRuntime/7.41.1"

info: ::1 - - [15/Aug/2024:12:47:29 +0000] "POST /api/v1/users/forget HTTP/1.1" 202 195 "-" "PostmanRuntime/7.41.1"

info: ::1 - - [15/Aug/2024:12:50:19 +0000] "POST /api/v1/users/login HTTP/1.1" 200 403 "-" "PostmanRuntime/7.41.1"

info: ::1 - - [15/Aug/2024:12:50:52 +0000] "GET /api/v1/users/getuser/6 HTTP/1.1" 200 259 "-" "PostmanRuntime/7.41.1"

info: ::1 - - [15/Aug/2024:12:51:55 +0000] "GET /api/v1/notes/allNotes HTTP/1.1" 200 463 "-" "PostmanRuntime/7.41.1"

