info: ::1 - - [06/Aug/2024:10:23:40 +0000] "POST /api/v1/users/login HTTP/1.1" 200 403 "-" "PostmanRuntime/7.40.0"

info: ::1 - - [06/Aug/2024:10:25:30 +0000] "GET /api/v1/notes/getNote/1 HTTP/1.1" 200 181 "-" "PostmanRuntime/7.40.0"

info: ::1 - - [06/Aug/2024:10:27:54 +0000] "POST /api/v1/notes/create HTTP/1.1" 200 184 "-" "PostmanRuntime/7.40.0"

info: ::1 - - [06/Aug/2024:10:30:19 +0000] "POST /api/v1/notes/create HTTP/1.1" 200 186 "-" "PostmanRuntime/7.40.0"

info: ::1 - - [06/Aug/2024:10:30:56 +0000] "POST /api/v1/notes/create HTTP/1.1" 200 187 "-" "PostmanRuntime/7.40.0"

info: ::1 - - [06/Aug/2024:10:36:05 +0000] "POST /api/v1/notes/update/4 HTTP/1.1" 200 50 "-" "PostmanRuntime/7.40.0"

info: ::1 - - [06/Aug/2024:10:38:30 +0000] "POST /api/v1/notes/archive/4 HTTP/1.1" 200 73 "-" "PostmanRuntime/7.40.0"

info: ::1 - - [06/Aug/2024:10:41:43 +0000] "POST /api/v1/notes/trash/4 HTTP/1.1" 200 72 "-" "PostmanRuntime/7.40.0"

info: ::1 - - [06/Aug/2024:10:42:56 +0000] "POST /api/v1/notes/trash/4 HTTP/1.1" 200 72 "-" "PostmanRuntime/7.40.0"

info: ::1 - - [06/Aug/2024:10:43:41 +0000] "POST /api/v1/notes/archive/4 HTTP/1.1" 200 73 "-" "PostmanRuntime/7.40.0"

info: ::1 - - [06/Aug/2024:10:48:34 +0000] "GET /api/v1/notes/allNotes HTTP/1.1" 200 574 "-" "PostmanRuntime/7.40.0"

info: ::1 - - [06/Aug/2024:10:49:39 +0000] "GET /api/v1/notes/getNote/3 HTTP/1.1" 200 186 "-" "PostmanRuntime/7.40.0"

info: ::1 - - [06/Aug/2024:10:49:41 +0000] "GET /api/v1/notes/getNote/3 HTTP/1.1" 200 186 "-" "PostmanRuntime/7.40.0"

info: ::1 - - [06/Aug/2024:11:02:53 +0000] "GET /api/v1/notes/delete/3 HTTP/1.1" 404 47 "-" "PostmanRuntime/7.40.0"

info: ::1 - - [06/Aug/2024:11:04:16 +0000] "POST /api/v1/notes/delete/3 HTTP/1.1" 200 72 "-" "PostmanRuntime/7.40.0"

info: ::1 - - [06/Aug/2024:12:03:37 +0000] "GET /api/v1/ HTTP/1.1" 200 28 "-" "PostmanRuntime/7.40.0"

info: ::1 - - [06/Aug/2024:12:03:50 +0000] "GET /api/v1/users HTTP/1.1" 404 47 "-" "PostmanRuntime/7.40.0"

info: ::1 - - [06/Aug/2024:12:03:57 +0000] "GET /api/v1/ HTTP/1.1" 200 28 "-" "PostmanRuntime/7.40.0"

info: ::1 - - [06/Aug/2024:12:04:51 +0000] "POST /api/v1/users/login HTTP/1.1" 200 403 "-" "PostmanRuntime/7.40.0"

info: ::1 - - [06/Aug/2024:12:07:03 +0000] "POST /api/v1/notes/create HTTP/1.1" 200 192 "-" "PostmanRuntime/7.40.0"

info: ::1 - - [06/Aug/2024:12:10:28 +0000] "GET /api/v1/users/getuser/5 HTTP/1.1" 404 47 "-" "PostmanRuntime/7.40.0"

info: ::1 - - [06/Aug/2024:12:11:41 +0000] "POST /api/v1/users/getuser/5 HTTP/1.1" 404 47 "-" "PostmanRuntime/7.40.0"

info: ::1 - - [06/Aug/2024:12:12:09 +0000] "GET /api/v1/users/login HTTP/1.1" 404 47 "-" "PostmanRuntime/7.40.0"

info: ::1 - - [06/Aug/2024:12:12:35 +0000] "POST /api/v1/users/login HTTP/1.1" 200 403 "-" "PostmanRuntime/7.40.0"

info: ::1 - - [06/Aug/2024:12:13:38 +0000] "POST /api/v1/users/getuser/5 HTTP/1.1" 404 47 "-" "PostmanRuntime/7.40.0"

info: ::1 - - [06/Aug/2024:12:18:53 +0000] "POST /api/v1/users/getuser/5 HTTP/1.1" 404 47 "-" "PostmanRuntime/7.40.0"

info: ::1 - - [06/Aug/2024:12:23:44 +0000] "POST /api/v1/users/login HTTP/1.1" 200 403 "-" "PostmanRuntime/7.40.0"

