info: ::1 - - [02/Aug/2024:05:09:33 +0000] "GET /api/v1/ HTTP/1.1" 200 28 "-" "PostmanRuntime/7.40.0"

info: ::1 - - [02/Aug/2024:05:10:10 +0000] "POST /api/v1/login HTTP/1.1" 404 47 "-" "PostmanRuntime/7.40.0"

info: ::1 - - [02/Aug/2024:05:11:21 +0000] "POST /api/v1/login/ HTTP/1.1" 404 47 "-" "PostmanRuntime/7.40.0"

info: ::1 - - [02/Aug/2024:05:11:35 +0000] "POST /api/v1/login HTTP/1.1" 404 47 "-" "PostmanRuntime/7.40.0"

info: ::1 - - [02/Aug/2024:05:19:16 +0000] "POST /api/v1/register HTTP/1.1" 404 47 "-" "PostmanRuntime/7.40.0"

info: ::1 - - [02/Aug/2024:05:23:41 +0000] "POST /api/v1/register%0A HTTP/1.1" 404 47 "-" "PostmanRuntime/7.40.0"

info: ::1 - - [02/Aug/2024:05:25:55 +0000] "POST /api/v1/register%0A HTTP/1.1" 404 47 "-" "PostmanRuntime/7.40.0"

info: ::1 - - [02/Aug/2024:05:28:31 +0000] "POST /api/v1/register%0A HTTP/1.1" 404 47 "-" "PostmanRuntime/7.40.0"

info: ::1 - - [02/Aug/2024:05:29:01 +0000] "POST /api/v1/users/register%0A HTTP/1.1" 404 47 "-" "PostmanRuntime/7.40.0"

info: ::1 - - [02/Aug/2024:05:30:50 +0000] "POST /api/v1/users/register%0A HTTP/1.1" 404 47 "-" "PostmanRuntime/7.40.0"

info: ::1 - - [02/Aug/2024:05:31:45 +0000] "GET /api/v1/users%0A HTTP/1.1" 404 47 "-" "PostmanRuntime/7.40.0"

info: ::1 - - [02/Aug/2024:05:31:53 +0000] "GET /api/v1%0A HTTP/1.1" 404 47 "-" "PostmanRuntime/7.40.0"

info: ::1 - - [02/Aug/2024:05:31:58 +0000] "GET /api/v1/%0A HTTP/1.1" 404 47 "-" "PostmanRuntime/7.40.0"

info: ::1 - - [02/Aug/2024:05:33:10 +0000] "GET /api/v1/ HTTP/1.1" 200 28 "-" "Mozilla/5.0 (Windows NT 10.0; Win64; x64) AppleWebKit/537.36 (KHTML, like Gecko) Chrome/127.0.0.0 Safari/537.36"

info: ::1 - - [02/Aug/2024:05:33:10 +0000] "GET /favicon.ico HTTP/1.1" 404 47 "-" "Mozilla/5.0 (Windows NT 10.0; Win64; x64) AppleWebKit/537.36 (KHTML, like Gecko) Chrome/127.0.0.0 Safari/537.36"

info: ::1 - - [02/Aug/2024:05:33:35 +0000] "GET /api/v1/%0A HTTP/1.1" 404 47 "-" "PostmanRuntime/7.40.0"

info: ::1 - - [02/Aug/2024:05:33:40 +0000] "GET /api/v1/%0A HTTP/1.1" 404 47 "-" "PostmanRuntime/7.40.0"

info: ::1 - - [02/Aug/2024:05:33:55 +0000] "GET /api/v1/%0A HTTP/1.1" 404 47 "-" "PostmanRuntime/7.40.0"

info: ::1 - - [02/Aug/2024:05:34:15 +0000] "GET /api/v1/users HTTP/1.1" 404 47 "-" "Mozilla/5.0 (Windows NT 10.0; Win64; x64) AppleWebKit/537.36 (KHTML, like Gecko) Chrome/127.0.0.0 Safari/537.36"

info: ::1 - - [02/Aug/2024:05:34:18 +0000] "GET /api/v1/users HTTP/1.1" 404 47 "-" "Mozilla/5.0 (Windows NT 10.0; Win64; x64) AppleWebKit/537.36 (KHTML, like Gecko) Chrome/127.0.0.0 Safari/537.36"

info: ::1 - - [02/Aug/2024:05:34:26 +0000] "GET /api/v1/users HTTP/1.1" 404 47 "-" "Mozilla/5.0 (Windows NT 10.0; Win64; x64) AppleWebKit/537.36 (KHTML, like Gecko) Chrome/127.0.0.0 Safari/537.36"

info: ::1 - - [02/Aug/2024:05:34:31 +0000] "GET /api/v1/users HTTP/1.1" 404 47 "-" "Mozilla/5.0 (Windows NT 10.0; Win64; x64) AppleWebKit/537.36 (KHTML, like Gecko) Chrome/127.0.0.0 Safari/537.36"

info: ::1 - - [02/Aug/2024:05:34:41 +0000] "GET /api/v1/users HTTP/1.1" 404 47 "-" "Mozilla/5.0 (Windows NT 10.0; Win64; x64) AppleWebKit/537.36 (KHTML, like Gecko) Chrome/127.0.0.0 Safari/537.36"

info: ::1 - - [02/Aug/2024:05:34:43 +0000] "GET /api/v1/users HTTP/1.1" 404 47 "-" "Mozilla/5.0 (Windows NT 10.0; Win64; x64) AppleWebKit/537.36 (KHTML, like Gecko) Chrome/127.0.0.0 Safari/537.36"

info: ::1 - - [02/Aug/2024:05:34:45 +0000] "GET /api/v1/users HTTP/1.1" 404 47 "-" "Mozilla/5.0 (Windows NT 10.0; Win64; x64) AppleWebKit/537.36 (KHTML, like Gecko) Chrome/127.0.0.0 Safari/537.36"

info: ::1 - - [02/Aug/2024:05:34:53 +0000] "GET /api/v1/ HTTP/1.1" 304 - "-" "Mozilla/5.0 (Windows NT 10.0; Win64; x64) AppleWebKit/537.36 (KHTML, like Gecko) Chrome/127.0.0.0 Safari/537.36"

info: ::1 - - [02/Aug/2024:05:35:02 +0000] "GET /api/v1/%0A HTTP/1.1" 404 47 "-" "PostmanRuntime/7.40.0"

info: ::1 - - [02/Aug/2024:05:36:28 +0000] "GET /api/v1/%0A HTTP/1.1" 404 47 "-" "PostmanRuntime/7.40.0"

info: ::1 - - [02/Aug/2024:05:38:58 +0000] "GET /api/v1/%0A HTTP/1.1" 404 47 "-" "PostmanRuntime/7.40.0"

info: ::1 - - [02/Aug/2024:05:39:09 +0000] "GET /api/v1/%0A HTTP/1.1" 404 47 "-" "PostmanRuntime/7.40.0"

info: ::1 - - [02/Aug/2024:05:39:48 +0000] "GET /api/v1/%0A HTTP/1.1" 404 47 "-" "PostmanRuntime/7.40.0"

info: ::1 - - [02/Aug/2024:05:40:28 +0000] "GET /api/v1/%0A HTTP/1.1" 404 47 "-" "PostmanRuntime/7.40.0"

info: ::1 - - [02/Aug/2024:05:41:28 +0000] "GET /api/v1/%0A HTTP/1.1" 404 47 "-" "PostmanRuntime/7.40.0"

info: ::1 - - [02/Aug/2024:05:42:05 +0000] "GET /api/v1/user%0A HTTP/1.1" 404 47 "-" "PostmanRuntime/7.40.0"

info: ::1 - - [02/Aug/2024:05:42:09 +0000] "GET /api/v1/users%0A HTTP/1.1" 404 47 "-" "PostmanRuntime/7.40.0"

info: ::1 - - [02/Aug/2024:05:42:36 +0000] "GET /api/v1/ HTTP/1.1" 304 - "-" "Mozilla/5.0 (Windows NT 10.0; Win64; x64) AppleWebKit/537.36 (KHTML, like Gecko) Chrome/127.0.0.0 Safari/537.36"

info: ::1 - - [02/Aug/2024:05:42:51 +0000] "GET /api/v1/ HTTP/1.1" 200 28 "-" "PostmanRuntime/7.40.0"

info: ::1 - - [02/Aug/2024:05:43:03 +0000] "GET /api/v1/users HTTP/1.1" 404 47 "-" "PostmanRuntime/7.40.0"

info: ::1 - - [02/Aug/2024:05:43:52 +0000] "POST /api/v1/users/register%0A HTTP/1.1" 404 47 "-" "PostmanRuntime/7.40.0"

info: ::1 - - [02/Aug/2024:05:44:05 +0000] "POST /api/v1/%0A HTTP/1.1" 404 47 "-" "PostmanRuntime/7.40.0"

info: ::1 - - [02/Aug/2024:05:44:13 +0000] "GET /api/v1/%0A HTTP/1.1" 404 47 "-" "PostmanRuntime/7.40.0"

info: ::1 - - [02/Aug/2024:05:44:42 +0000] "GET /api/v1/ HTTP/1.1" 200 28 "-" "PostmanRuntime/7.40.0"

info: ::1 - - [02/Aug/2024:05:45:04 +0000] "POST /api/v1/users/register HTTP/1.1" 201 199 "-" "PostmanRuntime/7.40.0"

info: ::1 - - [02/Aug/2024:05:47:12 +0000] "POST /api/v1/users/register HTTP/1.1" 201 255 "-" "PostmanRuntime/7.40.0"

info: ::1 - - [02/Aug/2024:05:47:56 +0000] "POST /api/v1/users/login HTTP/1.1" 200 255 "-" "PostmanRuntime/7.40.0"

info: ::1 - - [02/Aug/2024:05:48:12 +0000] "POST /api/v1/users/login HTTP/1.1" 200 49 "-" "PostmanRuntime/7.40.0"

info: ::1 - - [02/Aug/2024:05:48:25 +0000] "POST /api/v1/users/login HTTP/1.1" 200 49 "-" "PostmanRuntime/7.40.0"

info: ::1 - - [02/Aug/2024:07:01:47 +0000] "POST /api/v1/users/login%0A HTTP/1.1" 404 47 "-" "PostmanRuntime/7.40.0"

info: ::1 - - [02/Aug/2024:07:01:56 +0000] "POST /api/v1/users/login%0A HTTP/1.1" 404 47 "-" "PostmanRuntime/7.40.0"

info: ::1 - - [02/Aug/2024:07:02:21 +0000] "POST /api/v1/users/login%0A HTTP/1.1" 404 47 "-" "PostmanRuntime/7.40.0"

info: ::1 - - [02/Aug/2024:07:02:30 +0000] "POST /api/v1/%0A HTTP/1.1" 404 47 "-" "PostmanRuntime/7.40.0"

info: ::1 - - [02/Aug/2024:07:02:39 +0000] "GET /api/v1/%0A HTTP/1.1" 404 47 "-" "PostmanRuntime/7.40.0"

info: ::1 - - [02/Aug/2024:07:04:42 +0000] "GET /api/v1/ HTTP/1.1" 304 - "-" "Mozilla/5.0 (Windows NT 10.0; Win64; x64) AppleWebKit/537.36 (KHTML, like Gecko) Chrome/127.0.0.0 Safari/537.36"

info: ::1 - - [02/Aug/2024:07:05:08 +0000] "GET /api/v1/ HTTP/1.1" 200 28 "-" "PostmanRuntime/7.40.0"

info: ::1 - - [02/Aug/2024:07:05:30 +0000] "POST /api/v1/users/login HTTP/1.1" 200 255 "-" "PostmanRuntime/7.40.0"

info: ::1 - - [02/Aug/2024:07:08:08 +0000] "POST /api/v1/users/login HTTP/1.1" 200 403 "-" "PostmanRuntime/7.40.0"

info: ::1 - - [02/Aug/2024:07:09:32 +0000] "POST /api/v1/users/register HTTP/1.1" 201 255 "-" "PostmanRuntime/7.40.0"

info: ::1 - - [02/Aug/2024:07:10:13 +0000] "POST /api/v1/users/login HTTP/1.1" 200 403 "-" "PostmanRuntime/7.40.0"

