info: ::1 - - [07/Aug/2024:11:23:28 +0000] "POST /api/v1/users/login HTTP/1.1" 200 403 "-" "PostmanRuntime/7.40.0"

info: ::1 - - [07/Aug/2024:11:25:18 +0000] "GET /api/v1/users//getuser/5 HTTP/1.1" 200 259 "-" "PostmanRuntime/7.40.0"

info: ::1 - - [07/Aug/2024:11:25:34 +0000] "GET /api/v1/users//getuser/6 HTTP/1.1" 200 259 "-" "PostmanRuntime/7.40.0"

info: ::1 - - [07/Aug/2024:11:25:40 +0000] "GET /api/v1/users//getuser/7 HTTP/1.1" 200 259 "-" "PostmanRuntime/7.40.0"

info: ::1 - - [07/Aug/2024:11:26:01 +0000] "GET /api/v1/users//getuser/7 HTTP/1.1" 200 259 "-" "PostmanRuntime/7.40.0"

info: ::1 - - [07/Aug/2024:11:26:07 +0000] "GET /api/v1/users//getuser/8 HTTP/1.1" 500 49 "-" "PostmanRuntime/7.40.0"

info: ::1 - - [07/Aug/2024:11:26:14 +0000] "GET /api/v1/users//getuser/7 HTTP/1.1" 200 259 "-" "PostmanRuntime/7.40.0"

info: ::1 - - [07/Aug/2024:11:26:19 +0000] "GET /api/v1/users//getuser/1 HTTP/1.1" 200 203 "-" "PostmanRuntime/7.40.0"

info: ::1 - - [07/Aug/2024:11:26:31 +0000] "GET /api/v1/users//getuser/2 HTTP/1.1" 200 203 "-" "PostmanRuntime/7.40.0"

info: ::1 - - [07/Aug/2024:11:26:49 +0000] "GET /api/v1/users//getuser/3 HTTP/1.1" 200 201 "-" "PostmanRuntime/7.40.0"

info: ::1 - - [07/Aug/2024:11:27:03 +0000] "GET /api/v1/users//getuser/4 HTTP/1.1" 200 203 "-" "PostmanRuntime/7.40.0"

info: ::1 - - [07/Aug/2024:11:27:12 +0000] "GET /api/v1/users//getuser/5 HTTP/1.1" 200 259 "-" "PostmanRuntime/7.40.0"

info: ::1 - - [07/Aug/2024:11:27:19 +0000] "GET /api/v1/users//getuser/6 HTTP/1.1" 200 259 "-" "PostmanRuntime/7.40.0"

info: ::1 - - [07/Aug/2024:11:27:27 +0000] "GET /api/v1/users//getuser/7 HTTP/1.1" 200 259 "-" "PostmanRuntime/7.40.0"

info: ::1 - - [07/Aug/2024:11:30:17 +0000] "GET /api/v1/notes/allNotes HTTP/1.1" 200 195 "-" "PostmanRuntime/7.40.0"

info: ::1 - - [07/Aug/2024:11:34:08 +0000] "GET /api/v1/notes/getNote/5 HTTP/1.1" 200 192 "-" "PostmanRuntime/7.40.0"

info: ::1 - - [07/Aug/2024:11:34:28 +0000] "GET /api/v1/notes/getNote/5 HTTP/1.1" 200 192 "-" "PostmanRuntime/7.40.0"

info: ::1 - - [07/Aug/2024:11:42:01 +0000] "POST /api/v1/notes/update/5 HTTP/1.1" 200 50 "-" "PostmanRuntime/7.40.0"

info: ::1 - - [07/Aug/2024:11:45:03 +0000] "POST /api/v1/notes/update/5 HTTP/1.1" 200 50 "-" "PostmanRuntime/7.40.0"

info: ::1 - - [07/Aug/2024:11:45:54 +0000] "POST /api/v1/notes/update/5 HTTP/1.1" 200 50 "-" "PostmanRuntime/7.40.0"

info: ::1 - - [07/Aug/2024:11:47:16 +0000] "POST /api/v1/notes/create HTTP/1.1" 500 46 "-" "PostmanRuntime/7.40.0"

info: ::1 - - [07/Aug/2024:11:47:54 +0000] "POST /api/v1/notes/create HTTP/1.1" 200 192 "-" "PostmanRuntime/7.40.0"

info: ::1 - - [07/Aug/2024:11:48:42 +0000] "GET /api/v1/notes/getNote/6 HTTP/1.1" 200 192 "-" "PostmanRuntime/7.40.0"

info: ::1 - - [07/Aug/2024:11:49:05 +0000] "POST /api/v1/notes/update/5 HTTP/1.1" 200 50 "-" "PostmanRuntime/7.40.0"

info: ::1 - - [07/Aug/2024:11:49:31 +0000] "GET /api/v1/notes/allNotes HTTP/1.1" 200 334 "-" "PostmanRuntime/7.40.0"

info: ::1 - - [07/Aug/2024:11:50:48 +0000] "POST /api/v1/notes/archive/6 HTTP/1.1" 200 73 "-" "PostmanRuntime/7.40.0"

info: ::1 - - [07/Aug/2024:11:51:08 +0000] "POST /api/v1/notes/archive/6 HTTP/1.1" 200 73 "-" "PostmanRuntime/7.40.0"

info: ::1 - - [07/Aug/2024:11:52:12 +0000] "POST /api/v1/notes/trash/6 HTTP/1.1" 200 72 "-" "PostmanRuntime/7.40.0"

info: ::1 - - [07/Aug/2024:11:52:33 +0000] "POST /api/v1/notes/trash/6 HTTP/1.1" 200 72 "-" "PostmanRuntime/7.40.0"

info: ::1 - - [07/Aug/2024:12:13:13 +0000] "POST /api/v1/notes/delete/6 HTTP/1.1" 200 72 "-" "PostmanRuntime/7.40.0"

info: ::1 - - [07/Aug/2024:12:14:46 +0000] "DELETE /api/v1/notes/delete/5 HTTP/1.1" 200 72 "-" "PostmanRuntime/7.40.0"

info: ::1 - - [07/Aug/2024:12:15:16 +0000] "POST /api/v1/notes/create HTTP/1.1" 200 192 "-" "PostmanRuntime/7.40.0"

info: ::1 - - [07/Aug/2024:12:15:52 +0000] "POST /api/v1/notes/create HTTP/1.1" 200 204 "-" "PostmanRuntime/7.40.0"

