info: Server started at http://localhost:3000/api/v1/ {"timestamp":"2024-08-01T05:55:28.528Z"}
info: Connected to the database. {"timestamp":"2024-08-01T05:55:28.748Z"}
info: Server started at http://localhost:3000/api/v1/ {"timestamp":"2024-08-01T06:20:26.717Z"}
info: Connected to the database. {"timestamp":"2024-08-01T06:20:26.919Z"}
info: Server started at http://localhost:3000/api/v1/ {"timestamp":"2024-08-01T06:21:27.214Z"}
info: Connected to the database. {"timestamp":"2024-08-01T06:21:27.371Z"}
info: Server started at http://localhost:3000/api/v1/ {"timestamp":"2024-08-01T06:27:13.038Z"}
info: Connected to the database. {"timestamp":"2024-08-01T06:27:13.221Z"}
info: Server started at http://localhost:3000/api/v1/ {"timestamp":"2024-08-01T06:27:20.438Z"}
info: Connected to the database. {"timestamp":"2024-08-01T06:27:20.596Z"}
info: Server started at http://localhost:3000/api/v1/ {"timestamp":"2024-08-01T06:27:23.142Z"}
info: Connected to the database. {"timestamp":"2024-08-01T06:27:23.346Z"}
info: Connected to the database. {"timestamp":"2024-08-01T06:42:13.155Z"}
info: Connected to the database. {"timestamp":"2024-08-01T06:42:17.224Z"}
info: Connected to the database. {"timestamp":"2024-08-01T06:42:29.444Z"}
info: Server started at http://localhost:3000/api/v1/ {"timestamp":"2024-08-01T06:42:34.279Z"}
info: Connected to the database. {"timestamp":"2024-08-01T06:42:34.443Z"}
info: Connected to the database. {"timestamp":"2024-08-01T06:42:38.011Z"}
info: Server started at http://localhost:3000/api/v1/ {"timestamp":"2024-08-01T06:42:42.842Z"}
info: Connected to the database. {"timestamp":"2024-08-01T06:42:43.034Z"}
info: Server started at http://localhost:3000/api/v1/ {"timestamp":"2024-08-01T06:46:02.935Z"}
info: Connected to the database. {"timestamp":"2024-08-01T06:46:03.120Z"}
info: Server started at http://localhost:3000/api/v1/ {"timestamp":"2024-08-01T06:50:13.082Z"}
info: Connected to the database. {"timestamp":"2024-08-01T06:50:13.297Z"}
info: Server started at http://localhost:3000/api/v1/ {"timestamp":"2024-08-01T06:50:15.729Z"}
info: Connected to the database. {"timestamp":"2024-08-01T06:50:15.925Z"}
info: Server started at http://localhost:3000/api/v1/ {"timestamp":"2024-08-01T06:50:17.433Z"}
info: Connected to the database. {"timestamp":"2024-08-01T06:50:17.617Z"}
error: 
    status - 500 
    message - Error: 
    at Query.run (E:\New journy\fundoNotes\fundooNotes\node_modules\sequelize\src\dialects\postgres\query.js:76:25)
    at E:\New journy\fundoNotes\fundooNotes\node_modules\sequelize\src\sequelize.js:650:28
    at processTicksAndRejections (node:internal/process/task_queues:95:5)
    at PostgresQueryInterface.insert (E:\New journy\fundoNotes\fundooNotes\node_modules\sequelize\src\dialects\abstract\query-interface.js:795:21)
    at User.save (E:\New journy\fundoNotes\fundooNotes\node_modules\sequelize\src\model.js:4154:35)
    at Function.create (E:\New journy\fundoNotes\fundooNotes\node_modules\sequelize\src\model.js:2305:12) 
    url - /api/v1/users/ 
    method - POST 
    IP - ::1
   {"timestamp":"2024-08-01T06:50:21.338Z"}
info: Server started at http://localhost:3000/api/v1/ {"timestamp":"2024-08-01T06:52:07.459Z"}
info: Connected to the database. {"timestamp":"2024-08-01T06:52:07.678Z"}
info: Server started at http://localhost:3000/api/v1/ {"timestamp":"2024-08-01T06:52:12.007Z"}
info: Connected to the database. {"timestamp":"2024-08-01T06:52:12.231Z"}
info: Server started at http://localhost:3000/api/v1/ {"timestamp":"2024-08-01T06:52:16.401Z"}
info: Connected to the database. {"timestamp":"2024-08-01T06:52:16.585Z"}
info: Server started at http://localhost:3000/api/v1/ {"timestamp":"2024-08-01T06:55:45.581Z"}
info: Connected to the database. {"timestamp":"2024-08-01T06:55:45.766Z"}
info: Server started at http://localhost:3000/api/v1/ {"timestamp":"2024-08-01T06:55:58.106Z"}
info: Connected to the database. {"timestamp":"2024-08-01T06:55:58.299Z"}
info: Server started at http://localhost:3000/api/v1/ {"timestamp":"2024-08-01T06:56:00.159Z"}
info: Connected to the database. {"timestamp":"2024-08-01T06:56:00.348Z"}
info: Server started at http://localhost:3000/api/v1/ {"timestamp":"2024-08-01T06:56:04.780Z"}
info: Connected to the database. {"timestamp":"2024-08-01T06:56:04.989Z"}
info: Server started at http://localhost:3000/api/v1/ {"timestamp":"2024-08-01T06:56:08.620Z"}
info: Connected to the database. {"timestamp":"2024-08-01T06:56:08.883Z"}
info: Server started at http://localhost:3000/api/v1/ {"timestamp":"2024-08-01T06:56:11.723Z"}
info: Server started at http://localhost:3000/api/v1/ {"timestamp":"2024-08-01T06:56:14.436Z"}
info: Server started at http://localhost:3000/api/v1/ {"timestamp":"2024-08-01T06:56:26.253Z"}
info: Connected to the database. {"timestamp":"2024-08-01T06:56:26.422Z"}
info: Server started at http://localhost:3000/api/v1/ {"timestamp":"2024-08-01T06:56:29.436Z"}
info: Connected to the database. {"timestamp":"2024-08-01T06:56:29.596Z"}
info: Server started at http://localhost:3000/api/v1/ {"timestamp":"2024-08-01T06:56:46.677Z"}
info: Connected to the database. {"timestamp":"2024-08-01T06:56:46.870Z"}
info: Server started at http://localhost:3000/api/v1/ {"timestamp":"2024-08-01T06:56:48.639Z"}
info: Connected to the database. {"timestamp":"2024-08-01T06:56:48.846Z"}
info: Server started at http://localhost:3000/api/v1/ {"timestamp":"2024-08-01T06:56:52.810Z"}
info: Connected to the database. {"timestamp":"2024-08-01T06:56:52.994Z"}
info: Server started at http://localhost:3000/api/v1/ {"timestamp":"2024-08-01T06:56:56.741Z"}
info: Connected to the database. {"timestamp":"2024-08-01T06:56:56.922Z"}
info: Server started at http://localhost:3000/api/v1/ {"timestamp":"2024-08-01T06:57:03.681Z"}
info: Connected to the database. {"timestamp":"2024-08-01T06:57:03.876Z"}
info: Connected to the database. {"timestamp":"2024-08-01T06:57:17.799Z"}
info: Connected to the database. {"timestamp":"2024-08-01T06:57:22.199Z"}
info: Server started at http://localhost:3000/api/v1/ {"timestamp":"2024-08-01T06:57:49.906Z"}
info: Connected to the database. {"timestamp":"2024-08-01T06:57:50.076Z"}
info: Server started at http://localhost:3000/api/v1/ {"timestamp":"2024-08-01T06:57:55.903Z"}
info: Connected to the database. {"timestamp":"2024-08-01T06:57:56.112Z"}
info: Server started at http://localhost:3000/api/v1/ {"timestamp":"2024-08-01T06:58:15.892Z"}
info: Connected to the database. {"timestamp":"2024-08-01T06:58:16.071Z"}
info: Server started at http://localhost:3000/api/v1/ {"timestamp":"2024-08-01T06:59:22.342Z"}
info: Connected to the database. {"timestamp":"2024-08-01T06:59:22.548Z"}
info: Server started at http://localhost:3000/api/v1/ {"timestamp":"2024-08-01T06:59:25.587Z"}
info: Connected to the database. {"timestamp":"2024-08-01T06:59:25.758Z"}
info: Server started at http://localhost:3000/api/v1/ {"timestamp":"2024-08-01T07:09:12.278Z"}
info: Connected to the database. {"timestamp":"2024-08-01T07:09:12.608Z"}
info: Server started at http://localhost:3000/api/v1/ {"timestamp":"2024-08-01T07:09:42.225Z"}
info: Connected to the database. {"timestamp":"2024-08-01T07:09:42.467Z"}
info: Server started at http://localhost:3000/api/v1/ {"timestamp":"2024-08-01T07:09:45.387Z"}
info: Connected to the database. {"timestamp":"2024-08-01T07:09:45.555Z"}
info: Server started at http://localhost:3000/api/v1/ {"timestamp":"2024-08-01T07:11:25.292Z"}
info: Connected to the database. {"timestamp":"2024-08-01T07:11:25.665Z"}
error: 
    status - 500 
    message - Error: The argument passed to findOne must be an options object, use findByPk if you wish to pass a single primary key value
    at Function.findOne (E:\New journy\fundoNotes\fundooNotes\node_modules\sequelize\src\model.js:1972:13)
    at UserService.<anonymous> (E:\New journy\fundoNotes\fundooNotes\src\services\user.service.ts:37:34)
    at Generator.next (<anonymous>)
    at E:\New journy\fundoNotes\fundooNotes\src\services\user.service.ts:31:71
    at new Promise (<anonymous>)
    at __awaiter (E:\New journy\fundoNotes\fundooNotes\src\services\user.service.ts:27:12)
    at UserService.login (E:\New journy\fundoNotes\fundooNotes\src\services\user.service.ts:36:43)
    at UserController.<anonymous> (E:\New journy\fundoNotes\fundooNotes\src\controllers\user.controller.ts:45:43)
    at Generator.next (<anonymous>)
    at E:\New journy\fundoNotes\fundooNotes\src\controllers\user.controller.ts:8:71 
    url - /api/v1/users/login 
    method - POST 
    IP - ::1
   {"timestamp":"2024-08-01T07:11:30.666Z"}
info: Server started at http://localhost:3000/api/v1/ {"timestamp":"2024-08-01T07:12:08.199Z"}
info: Connected to the database. {"timestamp":"2024-08-01T07:12:08.378Z"}
info: Server started at http://localhost:3000/api/v1/ {"timestamp":"2024-08-01T07:12:13.800Z"}
info: Connected to the database. {"timestamp":"2024-08-01T07:12:14.042Z"}
info: Server started at http://localhost:3000/api/v1/ {"timestamp":"2024-08-01T07:12:23.310Z"}
info: Connected to the database. {"timestamp":"2024-08-01T07:12:23.494Z"}
info: Server started at http://localhost:3000/api/v1/ {"timestamp":"2024-08-01T07:12:26.553Z"}
info: Connected to the database. {"timestamp":"2024-08-01T07:12:26.886Z"}
info: Server started at http://localhost:3000/api/v1/ {"timestamp":"2024-08-01T07:12:30.208Z"}
info: Connected to the database. {"timestamp":"2024-08-01T07:12:30.384Z"}
info: Server started at http://localhost:3000/api/v1/ {"timestamp":"2024-08-01T07:12:46.833Z"}
info: Connected to the database. {"timestamp":"2024-08-01T07:12:47.050Z"}
error: 
    status - 500 
    message - SequelizeValidationError: notNull Violation: user.firstName cannot be null,
notNull Violation: user.lastName cannot be null,
notNull Violation: user.mobile cannot be null,
notNull Violation: user.gender cannot be null,
notNull Violation: user.dob cannot be null
    at InstanceValidator._validate (E:\New journy\fundoNotes\fundooNotes\node_modules\sequelize\src\instance-validator.js:78:13)
    at processTicksAndRejections (node:internal/process/task_queues:95:5)
    at InstanceValidator._validateAndRunHooks (E:\New journy\fundoNotes\fundooNotes\node_modules\sequelize\src\instance-validator.js:111:7)
    at InstanceValidator.validate (E:\New journy\fundoNotes\fundooNotes\node_modules\sequelize\src\instance-validator.js:93:12)
    at User.save (E:\New journy\fundoNotes\fundooNotes\node_modules\sequelize\src\model.js:4077:7)
    at Function.create (E:\New journy\fundoNotes\fundooNotes\node_modules\sequelize\src\model.js:2305:12) 
    url - /api/v1/users/register 
    method - POST 
    IP - ::1
   {"timestamp":"2024-08-01T07:38:39.325Z"}
info: Server started at http://localhost:3000/api/v1/ {"timestamp":"2024-08-01T11:28:21.876Z"}
info: Connected to the database. {"timestamp":"2024-08-01T11:28:22.185Z"}
info: Server started at http://localhost:3000/api/v1/ {"timestamp":"2024-08-01T11:44:05.445Z"}
info: Connected to the database. {"timestamp":"2024-08-01T11:44:05.762Z"}
info: Server started at http://localhost:3000/api/v1/ {"timestamp":"2024-08-01T11:44:11.942Z"}
info: Connected to the database. {"timestamp":"2024-08-01T11:44:12.174Z"}
info: Server started at http://localhost:3000/api/v1/ {"timestamp":"2024-08-01T11:44:21.346Z"}
info: Connected to the database. {"timestamp":"2024-08-01T11:44:21.574Z"}
info: Server started at http://localhost:3000/api/v1/ {"timestamp":"2024-08-01T11:44:28.260Z"}
info: Connected to the database. {"timestamp":"2024-08-01T11:44:28.486Z"}
info: Server started at http://localhost:3000/api/v1/ {"timestamp":"2024-08-01T11:44:30.788Z"}
info: Connected to the database. {"timestamp":"2024-08-01T11:44:30.979Z"}
info: Server started at http://localhost:3000/api/v1/ {"timestamp":"2024-08-01T11:44:42.988Z"}
info: Connected to the database. {"timestamp":"2024-08-01T11:44:43.246Z"}
info: Server started at http://localhost:3000/api/v1/ {"timestamp":"2024-08-01T11:46:32.812Z"}
info: Connected to the database. {"timestamp":"2024-08-01T11:46:33.013Z"}
info: Server started at http://localhost:3000/api/v1/ {"timestamp":"2024-08-01T11:48:37.877Z"}
info: Connected to the database. {"timestamp":"2024-08-01T11:48:38.111Z"}
info: Server started at http://localhost:3000/api/v1/ {"timestamp":"2024-08-01T11:48:58.533Z"}
info: Connected to the database. {"timestamp":"2024-08-01T11:48:58.775Z"}
info: Server started at http://localhost:3000/api/v1/ {"timestamp":"2024-08-01T11:49:00.530Z"}
info: Server started at http://localhost:3000/api/v1/ {"timestamp":"2024-08-01T11:49:01.723Z"}
info: Connected to the database. {"timestamp":"2024-08-01T11:49:02.050Z"}
info: Server started at http://localhost:3000/api/v1/ {"timestamp":"2024-08-01T11:49:05.055Z"}
info: Connected to the database. {"timestamp":"2024-08-01T11:49:05.251Z"}
info: Server started at http://localhost:3000/api/v1/ {"timestamp":"2024-08-01T11:49:15.238Z"}
info: Connected to the database. {"timestamp":"2024-08-01T11:49:15.447Z"}
info: Server started at http://localhost:3000/api/v1/ {"timestamp":"2024-08-01T11:49:23.761Z"}
info: Connected to the database. {"timestamp":"2024-08-01T11:49:24.023Z"}
info: Server started at http://localhost:3000/api/v1/ {"timestamp":"2024-08-01T11:49:28.342Z"}
info: Connected to the database. {"timestamp":"2024-08-01T11:49:28.625Z"}
info: Server started at http://localhost:3000/api/v1/ {"timestamp":"2024-08-01T11:49:32.995Z"}
info: Connected to the database. {"timestamp":"2024-08-01T11:49:33.262Z"}
info: Server started at http://localhost:3000/api/v1/ {"timestamp":"2024-08-01T11:49:36.687Z"}
info: Connected to the database. {"timestamp":"2024-08-01T11:49:36.922Z"}
info: Server started at http://localhost:3000/api/v1/ {"timestamp":"2024-08-01T11:49:53.432Z"}
info: Connected to the database. {"timestamp":"2024-08-01T11:49:53.628Z"}
info: Server started at http://localhost:3000/api/v1/ {"timestamp":"2024-08-01T11:50:48.467Z"}
info: Connected to the database. {"timestamp":"2024-08-01T11:50:48.737Z"}
info: Server started at http://localhost:3000/api/v1/ {"timestamp":"2024-08-01T11:50:51.020Z"}
info: Connected to the database. {"timestamp":"2024-08-01T11:50:51.300Z"}
info: Server started at http://localhost:3000/api/v1/ {"timestamp":"2024-08-01T11:50:57.127Z"}
info: Connected to the database. {"timestamp":"2024-08-01T11:50:57.376Z"}
info: Server started at http://localhost:3000/api/v1/ {"timestamp":"2024-08-01T11:51:03.228Z"}
info: Connected to the database. {"timestamp":"2024-08-01T11:51:03.530Z"}
info: Server started at http://localhost:3000/api/v1/ {"timestamp":"2024-08-01T11:51:07.543Z"}
info: Connected to the database. {"timestamp":"2024-08-01T11:51:07.801Z"}
info: Server started at http://localhost:3000/api/v1/ {"timestamp":"2024-08-01T11:51:39.591Z"}
info: Connected to the database. {"timestamp":"2024-08-01T11:51:39.826Z"}
info: Server started at http://localhost:3000/api/v1/ {"timestamp":"2024-08-01T11:51:44.691Z"}
info: Connected to the database. {"timestamp":"2024-08-01T11:51:44.916Z"}
info: Server started at http://localhost:3000/api/v1/ {"timestamp":"2024-08-01T11:51:48.536Z"}
info: Connected to the database. {"timestamp":"2024-08-01T11:51:48.924Z"}
info: Server started at http://localhost:3000/api/v1/ {"timestamp":"2024-08-01T11:51:51.004Z"}
info: Server started at http://localhost:3000/api/v1/ {"timestamp":"2024-08-01T11:51:52.307Z"}
info: Connected to the database. {"timestamp":"2024-08-01T11:51:52.490Z"}
info: Server started at http://localhost:3000/api/v1/ {"timestamp":"2024-08-01T11:51:58.399Z"}
info: Connected to the database. {"timestamp":"2024-08-01T11:51:58.748Z"}
info: Server started at http://localhost:3000/api/v1/ {"timestamp":"2024-08-01T11:52:02.372Z"}
info: Server started at http://localhost:3000/api/v1/ {"timestamp":"2024-08-01T11:52:03.635Z"}
info: Connected to the database. {"timestamp":"2024-08-01T11:52:03.868Z"}
info: Server started at http://localhost:3000/api/v1/ {"timestamp":"2024-08-01T11:52:13.465Z"}
info: Connected to the database. {"timestamp":"2024-08-01T11:52:13.728Z"}
info: Server started at http://localhost:3000/api/v1/ {"timestamp":"2024-08-01T11:53:28.447Z"}
info: Connected to the database. {"timestamp":"2024-08-01T11:53:28.804Z"}
info: Server started at http://localhost:3000/api/v1/ {"timestamp":"2024-08-01T11:53:34.488Z"}
info: Connected to the database. {"timestamp":"2024-08-01T11:53:34.667Z"}
info: Server started at http://localhost:3000/api/v1/ {"timestamp":"2024-08-01T11:53:43.399Z"}
info: Connected to the database. {"timestamp":"2024-08-01T11:53:43.611Z"}
info: Server started at http://localhost:3000/api/v1/ {"timestamp":"2024-08-01T11:53:55.291Z"}
info: Connected to the database. {"timestamp":"2024-08-01T11:53:55.536Z"}
info: Server started at http://localhost:3000/api/v1/ {"timestamp":"2024-08-01T11:54:02.640Z"}
info: Connected to the database. {"timestamp":"2024-08-01T11:54:03.007Z"}
info: Server started at http://localhost:3000/api/v1/ {"timestamp":"2024-08-01T11:54:05.170Z"}
info: Connected to the database. {"timestamp":"2024-08-01T11:54:05.673Z"}
info: Server started at http://localhost:3000/api/v1/ {"timestamp":"2024-08-01T11:58:53.385Z"}
info: Connected to the database. {"timestamp":"2024-08-01T11:58:53.610Z"}
info: Server started at http://localhost:3000/api/v1/ {"timestamp":"2024-08-01T11:58:56.224Z"}
info: Connected to the database. {"timestamp":"2024-08-01T11:58:56.472Z"}
info: Server started at http://localhost:3000/api/v1/ {"timestamp":"2024-08-01T11:59:14.025Z"}
info: Connected to the database. {"timestamp":"2024-08-01T11:59:14.307Z"}
info: Server started at http://localhost:3000/api/v1/ {"timestamp":"2024-08-01T11:59:20.455Z"}
info: Connected to the database. {"timestamp":"2024-08-01T11:59:20.681Z"}
info: Server started at http://localhost:3000/api/v1/ {"timestamp":"2024-08-01T11:59:32.341Z"}
info: Connected to the database. {"timestamp":"2024-08-01T11:59:32.594Z"}
info: Server started at http://localhost:3000/api/v1/ {"timestamp":"2024-08-01T11:59:50.381Z"}
info: Connected to the database. {"timestamp":"2024-08-01T11:59:50.613Z"}
info: Server started at http://localhost:3000/api/v1/ {"timestamp":"2024-08-01T11:59:54.744Z"}
info: Connected to the database. {"timestamp":"2024-08-01T11:59:54.952Z"}
info: Server started at http://localhost:3000/api/v1/ {"timestamp":"2024-08-01T12:01:55.629Z"}
info: Connected to the database. {"timestamp":"2024-08-01T12:01:55.840Z"}
info: Server started at http://localhost:3000/api/v1/ {"timestamp":"2024-08-01T12:01:59.979Z"}
info: Connected to the database. {"timestamp":"2024-08-01T12:02:00.266Z"}
info: Server started at http://localhost:3000/api/v1/ {"timestamp":"2024-08-01T12:02:03.774Z"}
info: Connected to the database. {"timestamp":"2024-08-01T12:02:04.014Z"}
info: Server started at http://localhost:3000/api/v1/ {"timestamp":"2024-08-01T12:08:12.811Z"}
info: Connected to the database. {"timestamp":"2024-08-01T12:08:13.024Z"}
info: Server started at http://localhost:3000/api/v1/ {"timestamp":"2024-08-01T12:09:33.749Z"}
info: Connected to the database. {"timestamp":"2024-08-01T12:09:34.064Z"}
info: Server started at http://localhost:3000/api/v1/ {"timestamp":"2024-08-01T12:09:35.708Z"}
info: Connected to the database. {"timestamp":"2024-08-01T12:09:35.925Z"}
