info: Server started at http://localhost:3000/api/v1/ {"timestamp":"2024-08-07T11:21:47.733Z"}
info: Connected to the database. {"timestamp":"2024-08-07T11:21:48.111Z"}
error: 
    status - 500 
    message - Error: User not found
    at UserService.<anonymous> (E:\New journy\fundoNotes\fundooNotes\src\services\user.service.ts:136:13)
    at Generator.next (<anonymous>)
    at fulfilled (E:\New journy\fundoNotes\fundooNotes\src\services\user.service.ts:81:58)
    at processTicksAndRejections (node:internal/process/task_queues:95:5) 
    url - /api/v1/users//getuser/8 
    method - GET 
    IP - ::1
   {"timestamp":"2024-08-07T11:26:07.272Z"}
error: 
    status - 500 
    message - TokenExpiredError: jwt expired
    at E:\New journy\fundoNotes\fundooNotes\node_modules\jsonwebtoken\verify.js:152:21
    at getSecret (E:\New journy\fundoNotes\fundooNotes\node_modules\jsonwebtoken\verify.js:90:14)
    at Object.module.exports [as verify] (E:\New journy\fundoNotes\fundooNotes\node_modules\jsonwebtoken\verify.js:94:10)
    at E:\New journy\fundoNotes\fundooNotes\src\middlewares\auth.middleware.ts:52:35
    at Generator.next (<anonymous>)
    at E:\New journy\fundoNotes\fundooNotes\src\middlewares\auth.middleware.ts:8:71
    at new Promise (<anonymous>)
    at __awaiter (E:\New journy\fundoNotes\fundooNotes\src\middlewares\auth.middleware.ts:4:12)
    at noteAuth (E:\New journy\fundoNotes\fundooNotes\src\middlewares\auth.middleware.ts:42:20)
    at Layer.handle [as handle_request] (E:\New journy\fundoNotes\fundooNotes\node_modules\express\lib\router\layer.js:95:5) 
    url - /api/v1/notes/create 
    method - POST 
    IP - ::1
   {"timestamp":"2024-08-07T11:47:16.087Z"}
info: Server started at http://localhost:3000/api/v1/ {"timestamp":"2024-08-07T12:14:09.245Z"}
info: Connected to the database. {"timestamp":"2024-08-07T12:14:09.487Z"}
