info: Server started at http://localhost:3000/api/v1/ {"timestamp":"2024-08-05T09:34:24.036Z"}
info: Connected to the database. {"timestamp":"2024-08-05T09:34:24.537Z"}
info: Server started at http://localhost:3000/api/v1/ {"timestamp":"2024-08-05T09:35:35.120Z"}
info: Connected to the database. {"timestamp":"2024-08-05T09:35:35.385Z"}
info: Connected to the database. {"timestamp":"2024-08-05T09:37:06.949Z"}
info: Connected to the database. {"timestamp":"2024-08-05T09:37:12.935Z"}
info: Connected to the database. {"timestamp":"2024-08-05T09:37:17.342Z"}
info: Connected to the database. {"timestamp":"2024-08-05T09:37:22.965Z"}
info: Server started at http://localhost:3000/api/v1/ {"timestamp":"2024-08-05T09:37:26.926Z"}
info: Connected to the database. {"timestamp":"2024-08-05T09:37:27.291Z"}
info: Server started at http://localhost:3000/api/v1/ {"timestamp":"2024-08-05T09:37:45.400Z"}
info: Connected to the database. {"timestamp":"2024-08-05T09:37:45.654Z"}
error: 
    status - 500 
    message - JsonWebTokenError: invalid signature
    at E:\New journy\fundoNotes\fundooNotes\node_modules\jsonwebtoken\verify.js:133:19
    at getSecret (E:\New journy\fundoNotes\fundooNotes\node_modules\jsonwebtoken\verify.js:90:14)
    at Object.module.exports [as verify] (E:\New journy\fundoNotes\fundooNotes\node_modules\jsonwebtoken\verify.js:94:10)
    at E:\New journy\fundoNotes\fundooNotes\src\middlewares\auth.middleware.ts:28:37
    at Generator.next (<anonymous>)
    at E:\New journy\fundoNotes\fundooNotes\src\middlewares\auth.middleware.ts:8:71
    at new Promise (<anonymous>)
    at __awaiter (E:\New journy\fundoNotes\fundooNotes\src\middlewares\auth.middleware.ts:4:12)
    at userAuth (E:\New journy\fundoNotes\fundooNotes\src\middlewares\auth.middleware.ts:18:20)
    at Layer.handle [as handle_request] (E:\New journy\fundoNotes\fundooNotes\node_modules\express\lib\router\layer.js:95:5) 
    url - /api/v1/notes/create 
    method - POST 
    IP - ::1
   {"timestamp":"2024-08-05T10:03:01.317Z"}
error: 
    status - 500 
    message - JsonWebTokenError: invalid signature
    at E:\New journy\fundoNotes\fundooNotes\node_modules\jsonwebtoken\verify.js:133:19
    at getSecret (E:\New journy\fundoNotes\fundooNotes\node_modules\jsonwebtoken\verify.js:90:14)
    at Object.module.exports [as verify] (E:\New journy\fundoNotes\fundooNotes\node_modules\jsonwebtoken\verify.js:94:10)
    at E:\New journy\fundoNotes\fundooNotes\src\middlewares\auth.middleware.ts:28:37
    at Generator.next (<anonymous>)
    at E:\New journy\fundoNotes\fundooNotes\src\middlewares\auth.middleware.ts:8:71
    at new Promise (<anonymous>)
    at __awaiter (E:\New journy\fundoNotes\fundooNotes\src\middlewares\auth.middleware.ts:4:12)
    at userAuth (E:\New journy\fundoNotes\fundooNotes\src\middlewares\auth.middleware.ts:18:20)
    at Layer.handle [as handle_request] (E:\New journy\fundoNotes\fundooNotes\node_modules\express\lib\router\layer.js:95:5) 
    url - /api/v1/notes/create 
    method - POST 
    IP - ::1
   {"timestamp":"2024-08-05T10:03:20.488Z"}
error: 
    status - 500 
    message - JsonWebTokenError: invalid signature
    at E:\New journy\fundoNotes\fundooNotes\node_modules\jsonwebtoken\verify.js:133:19
    at getSecret (E:\New journy\fundoNotes\fundooNotes\node_modules\jsonwebtoken\verify.js:90:14)
    at Object.module.exports [as verify] (E:\New journy\fundoNotes\fundooNotes\node_modules\jsonwebtoken\verify.js:94:10)
    at E:\New journy\fundoNotes\fundooNotes\src\middlewares\auth.middleware.ts:28:37
    at Generator.next (<anonymous>)
    at E:\New journy\fundoNotes\fundooNotes\src\middlewares\auth.middleware.ts:8:71
    at new Promise (<anonymous>)
    at __awaiter (E:\New journy\fundoNotes\fundooNotes\src\middlewares\auth.middleware.ts:4:12)
    at userAuth (E:\New journy\fundoNotes\fundooNotes\src\middlewares\auth.middleware.ts:18:20)
    at Layer.handle [as handle_request] (E:\New journy\fundoNotes\fundooNotes\node_modules\express\lib\router\layer.js:95:5) 
    url - /api/v1/notes/create 
    method - POST 
    IP - ::1
   {"timestamp":"2024-08-05T10:19:09.004Z"}
info: Server started at http://localhost:3000/api/v1/ {"timestamp":"2024-08-05T10:20:37.975Z"}
info: Connected to the database. {"timestamp":"2024-08-05T10:20:38.210Z"}
info: Server started at http://localhost:3000/api/v1/ {"timestamp":"2024-08-05T10:20:57.705Z"}
info: Connected to the database. {"timestamp":"2024-08-05T10:20:57.909Z"}
info: Connected to the database. {"timestamp":"2024-08-05T10:23:04.649Z"}
info: Server started at http://localhost:3000/api/v1/ {"timestamp":"2024-08-05T10:23:09.057Z"}
info: Connected to the database. {"timestamp":"2024-08-05T10:23:09.344Z"}
info: Server started at http://localhost:3000/api/v1/ {"timestamp":"2024-08-05T10:23:25.738Z"}
info: Connected to the database. {"timestamp":"2024-08-05T10:23:25.924Z"}
info: Connected to the database. {"timestamp":"2024-08-05T10:23:28.498Z"}
info: Server started at http://localhost:3000/api/v1/ {"timestamp":"2024-08-05T10:23:32.472Z"}
info: Connected to the database. {"timestamp":"2024-08-05T10:23:32.640Z"}
info: Connected to the database. {"timestamp":"2024-08-05T10:23:38.107Z"}
info: Connected to the database. {"timestamp":"2024-08-05T10:23:42.471Z"}
info: Connected to the database. {"timestamp":"2024-08-05T10:23:46.817Z"}
info: Connected to the database. {"timestamp":"2024-08-05T10:23:51.636Z"}
info: Connected to the database. {"timestamp":"2024-08-05T10:23:55.873Z"}
info: Connected to the database. {"timestamp":"2024-08-05T10:24:00.085Z"}
info: Server started at http://localhost:3000/api/v1/ {"timestamp":"2024-08-05T10:24:04.126Z"}
info: Connected to the database. {"timestamp":"2024-08-05T10:24:04.321Z"}
info: Server started at http://localhost:3000/api/v1/ {"timestamp":"2024-08-05T10:24:12.326Z"}
info: Connected to the database. {"timestamp":"2024-08-05T10:24:12.573Z"}
info: Server started at http://localhost:3000/api/v1/ {"timestamp":"2024-08-05T10:24:15.588Z"}
info: Connected to the database. {"timestamp":"2024-08-05T10:24:15.835Z"}
info: Server started at http://localhost:3000/api/v1/ {"timestamp":"2024-08-05T10:24:25.153Z"}
info: Connected to the database. {"timestamp":"2024-08-05T10:24:25.388Z"}
info: Server started at http://localhost:3000/api/v1/ {"timestamp":"2024-08-05T10:24:34.710Z"}
info: Connected to the database. {"timestamp":"2024-08-05T10:24:34.890Z"}
info: Server started at http://localhost:3000/api/v1/ {"timestamp":"2024-08-05T10:24:37.266Z"}
info: Connected to the database. {"timestamp":"2024-08-05T10:24:37.463Z"}
info: Server started at http://localhost:3000/api/v1/ {"timestamp":"2024-08-05T10:24:42.320Z"}
info: Connected to the database. {"timestamp":"2024-08-05T10:24:42.486Z"}
info: Server started at http://localhost:3000/api/v1/ {"timestamp":"2024-08-05T10:24:46.270Z"}
info: Connected to the database. {"timestamp":"2024-08-05T10:24:46.582Z"}
info: Server started at http://localhost:3000/api/v1/ {"timestamp":"2024-08-05T10:24:48.559Z"}
info: Connected to the database. {"timestamp":"2024-08-05T10:24:48.976Z"}
info: Server started at http://localhost:3000/api/v1/ {"timestamp":"2024-08-05T10:24:51.901Z"}
info: Connected to the database. {"timestamp":"2024-08-05T10:24:52.242Z"}
info: Connected to the database. {"timestamp":"2024-08-05T10:24:54.059Z"}
info: Server started at http://localhost:3000/api/v1/ {"timestamp":"2024-08-05T10:24:58.157Z"}
info: Connected to the database. {"timestamp":"2024-08-05T10:24:58.399Z"}
error: 
    status - 500 
    message - Error: Error creating notes : notNull Violation: notes.createdBy cannot be null
    at NotesService.<anonymous> (E:\New journy\fundoNotes\fundooNotes\src\services\notes.service.ts:17:19)
    at Generator.throw (<anonymous>)
    at rejected (E:\New journy\fundoNotes\fundooNotes\src\services\notes.service.ts:29:65)
    at processTicksAndRejections (node:internal/process/task_queues:95:5) 
    url - /api/v1/notes/create 
    method - POST 
    IP - ::1
   {"timestamp":"2024-08-05T10:25:31.326Z"}
info: Connected to the database. {"timestamp":"2024-08-05T10:26:41.135Z"}
info: Server started at http://localhost:3000/api/v1/ {"timestamp":"2024-08-05T10:26:47.981Z"}
info: Connected to the database. {"timestamp":"2024-08-05T10:26:48.221Z"}
info: Server started at http://localhost:3000/api/v1/ {"timestamp":"2024-08-05T10:26:51.217Z"}
info: Connected to the database. {"timestamp":"2024-08-05T10:26:51.435Z"}
info: Server started at http://localhost:3000/api/v1/ {"timestamp":"2024-08-05T10:26:54.290Z"}
info: Connected to the database. {"timestamp":"2024-08-05T10:26:54.577Z"}
info: Server started at http://localhost:3000/api/v1/ {"timestamp":"2024-08-05T10:26:56.804Z"}
info: Connected to the database. {"timestamp":"2024-08-05T10:26:57.060Z"}
info: Connected to the database. {"timestamp":"2024-08-05T10:27:09.164Z"}
info: Server started at http://localhost:3000/api/v1/ {"timestamp":"2024-08-05T10:27:21.416Z"}
info: Connected to the database. {"timestamp":"2024-08-05T10:27:21.674Z"}
info: Server started at http://localhost:3000/api/v1/ {"timestamp":"2024-08-05T10:27:23.528Z"}
info: Connected to the database. {"timestamp":"2024-08-05T10:27:23.735Z"}
error: 
    status - 500 
    message - Error: Error creating notes : notNull Violation: notes.createdBy cannot be null
    at NotesService.<anonymous> (E:\New journy\fundoNotes\fundooNotes\src\services\notes.service.ts:17:19)
    at Generator.throw (<anonymous>)
    at rejected (E:\New journy\fundoNotes\fundooNotes\src\services\notes.service.ts:29:65)
    at processTicksAndRejections (node:internal/process/task_queues:95:5) 
    url - /api/v1/notes/create 
    method - POST 
    IP - ::1
   {"timestamp":"2024-08-05T10:27:27.161Z"}
info: Connected to the database. {"timestamp":"2024-08-05T10:27:56.389Z"}
info: Server started at http://localhost:3000/api/v1/ {"timestamp":"2024-08-05T10:28:00.861Z"}
info: Connected to the database. {"timestamp":"2024-08-05T10:28:01.051Z"}
info: Connected to the database. {"timestamp":"2024-08-05T10:28:07.172Z"}
info: Server started at http://localhost:3000/api/v1/ {"timestamp":"2024-08-05T10:28:11.572Z"}
info: Connected to the database. {"timestamp":"2024-08-05T10:28:11.856Z"}
info: Server started at http://localhost:3000/api/v1/ {"timestamp":"2024-08-05T10:28:17.286Z"}
info: Connected to the database. {"timestamp":"2024-08-05T10:28:17.484Z"}
info: Server started at http://localhost:3000/api/v1/ {"timestamp":"2024-08-05T10:28:19.952Z"}
info: Connected to the database. {"timestamp":"2024-08-05T10:28:20.193Z"}
info: Server started at http://localhost:3000/api/v1/ {"timestamp":"2024-08-05T10:28:22.322Z"}
info: Connected to the database. {"timestamp":"2024-08-05T10:28:22.502Z"}
info: Server started at http://localhost:3000/api/v1/ {"timestamp":"2024-08-05T10:28:24.700Z"}
info: Connected to the database. {"timestamp":"2024-08-05T10:28:25.055Z"}
info: Server started at http://localhost:3000/api/v1/ {"timestamp":"2024-08-05T10:28:29.854Z"}
info: Connected to the database. {"timestamp":"2024-08-05T10:28:30.024Z"}
info: Connected to the database. {"timestamp":"2024-08-05T10:28:34.895Z"}
info: Server started at http://localhost:3000/api/v1/ {"timestamp":"2024-08-05T10:28:39.038Z"}
info: Connected to the database. {"timestamp":"2024-08-05T10:28:39.265Z"}
info: Server started at http://localhost:3000/api/v1/ {"timestamp":"2024-08-05T10:28:42.198Z"}
info: Connected to the database. {"timestamp":"2024-08-05T10:28:42.405Z"}
info: Server started at http://localhost:3000/api/v1/ {"timestamp":"2024-08-05T10:29:57.413Z"}
info: Connected to the database. {"timestamp":"2024-08-05T10:29:57.653Z"}
info: Server started at http://localhost:3000/api/v1/ {"timestamp":"2024-08-05T10:30:02.280Z"}
info: Connected to the database. {"timestamp":"2024-08-05T10:30:02.533Z"}
info: Server started at http://localhost:3000/api/v1/ {"timestamp":"2024-08-05T10:30:05.777Z"}
info: Connected to the database. {"timestamp":"2024-08-05T10:30:06.042Z"}
error: 
    status - 500 
    message - Error: Error updating note with ID undefined: WHERE parameter "id" has invalid "undefined" value
    at NotesService.<anonymous> (E:\New journy\fundoNotes\fundooNotes\src\services\notes.service.ts:33:15)
    at Generator.throw (<anonymous>)
    at rejected (E:\New journy\fundoNotes\fundooNotes\src\services\notes.service.ts:29:65)
    at processTicksAndRejections (node:internal/process/task_queues:95:5) 
    url - /api/v1/notes/update/1 
    method - POST 
    IP - ::1
   {"timestamp":"2024-08-05T10:31:15.483Z"}
info: Connected to the database. {"timestamp":"2024-08-05T10:31:53.741Z"}
info: Server started at http://localhost:3000/api/v1/ {"timestamp":"2024-08-05T10:31:58.002Z"}
info: Connected to the database. {"timestamp":"2024-08-05T10:31:58.257Z"}
info: Server started at http://localhost:3000/api/v1/ {"timestamp":"2024-08-05T10:32:00.341Z"}
info: Connected to the database. {"timestamp":"2024-08-05T10:32:00.623Z"}
info: Server started at http://localhost:3000/api/v1/ {"timestamp":"2024-08-05T10:32:51.701Z"}
info: Connected to the database. {"timestamp":"2024-08-05T10:32:51.892Z"}
info: Server started at http://localhost:3000/api/v1/ {"timestamp":"2024-08-05T10:33:15.440Z"}
info: Connected to the database. {"timestamp":"2024-08-05T10:33:15.730Z"}
info: Connected to the database. {"timestamp":"2024-08-05T10:36:28.386Z"}
info: Server started at http://localhost:3000/api/v1/ {"timestamp":"2024-08-05T10:36:32.675Z"}
info: Connected to the database. {"timestamp":"2024-08-05T10:36:32.983Z"}
info: Server started at http://localhost:3000/api/v1/ {"timestamp":"2024-08-05T10:36:34.671Z"}
info: Connected to the database. {"timestamp":"2024-08-05T10:36:35.003Z"}
info: Server started at http://localhost:3000/api/v1/ {"timestamp":"2024-08-05T11:20:29.221Z"}
info: Connected to the database. {"timestamp":"2024-08-05T11:20:29.385Z"}
info: Server started at http://localhost:3000/api/v1/ {"timestamp":"2024-08-05T11:25:12.835Z"}
info: Connected to the database. {"timestamp":"2024-08-05T11:25:13.017Z"}
info: Server started at http://localhost:3000/api/v1/ {"timestamp":"2024-08-05T11:25:15.992Z"}
info: Server started at http://localhost:3000/api/v1/ {"timestamp":"2024-08-05T11:25:19.100Z"}
info: Connected to the database. {"timestamp":"2024-08-05T11:25:19.273Z"}
info: Server started at http://localhost:3000/api/v1/ {"timestamp":"2024-08-05T11:25:21.404Z"}
info: Connected to the database. {"timestamp":"2024-08-05T11:25:21.658Z"}
info: Server started at http://localhost:3000/api/v1/ {"timestamp":"2024-08-05T11:25:30.992Z"}
info: Connected to the database. {"timestamp":"2024-08-05T11:25:31.189Z"}
info: Connected to the database. {"timestamp":"2024-08-05T11:26:50.140Z"}
info: Server started at http://localhost:3000/api/v1/ {"timestamp":"2024-08-05T11:26:54.531Z"}
info: Connected to the database. {"timestamp":"2024-08-05T11:26:54.755Z"}
info: Server started at http://localhost:3000/api/v1/ {"timestamp":"2024-08-05T11:26:57.117Z"}
info: Connected to the database. {"timestamp":"2024-08-05T11:26:57.304Z"}
