error: uncaughtException: Please install pg package manually
Error: Please install pg package manually
    at ConnectionManager._loadDialectModule (E:\New journy\fundoNotes\fundooNotes\node_modules\sequelize\src\dialects\abstract\connection-manager.js:81:15)
    at new ConnectionManager (E:\New journy\fundoNotes\fundooNotes\node_modules\sequelize\src\dialects\postgres\connection-manager.js:18:24)
    at new PostgresDialect (E:\New journy\fundoNotes\fundooNotes\node_modules\sequelize\src\dialects\postgres\index.js:15:30)
    at new Sequelize (E:\New journy\fundoNotes\fundooNotes\node_modules\sequelize\src\sequelize.js:368:20)
    at Object.<anonymous> (E:\New journy\fundoNotes\fundooNotes\src\config\database.ts:25:19)
    at Module._compile (node:internal/modules/cjs/loader:1376:14)
    at Module._compile (E:\New journy\fundoNotes\fundooNotes\node_modules\source-map-support\source-map-support.js:568:25)
    at Module.m._compile (C:\Users\hp\AppData\Local\Temp\ts-node-dev-hook-6233413849285214.js:69:33)
    at Module._extensions..js (node:internal/modules/cjs/loader:1435:10)
    at require.extensions..jsx.require.extensions..js (C:\Users\hp\AppData\Local\Temp\ts-node-dev-hook-6233413849285214.js:114:20) {"date":"Thu Aug 01 2024 11:24:01 GMT+0530 (India Standard Time)","error":{},"exception":true,"os":{"loadavg":[0,0,0],"uptime":74028.968},"process":{"argv":["C:\\Program Files\\nodejs\\node.exe","./src/index.ts"],"cwd":"E:\\New journy\\fundoNotes\\fundooNotes","execPath":"C:\\Program Files\\nodejs\\node.exe","gid":null,"memoryUsage":{"arrayBuffers":94550,"external":2319978,"heapTotal":34193408,"heapUsed":19368888,"rss":63041536},"pid":14272,"uid":null,"version":"v20.10.0"},"stack":"Error: Please install pg package manually\n    at ConnectionManager._loadDialectModule (E:\\New journy\\fundoNotes\\fundooNotes\\node_modules\\sequelize\\src\\dialects\\abstract\\connection-manager.js:81:15)\n    at new ConnectionManager (E:\\New journy\\fundoNotes\\fundooNotes\\node_modules\\sequelize\\src\\dialects\\postgres\\connection-manager.js:18:24)\n    at new PostgresDialect (E:\\New journy\\fundoNotes\\fundooNotes\\node_modules\\sequelize\\src\\dialects\\postgres\\index.js:15:30)\n    at new Sequelize (E:\\New journy\\fundoNotes\\fundooNotes\\node_modules\\sequelize\\src\\sequelize.js:368:20)\n    at Object.<anonymous> (E:\\New journy\\fundoNotes\\fundooNotes\\src\\config\\database.ts:25:19)\n    at Module._compile (node:internal/modules/cjs/loader:1376:14)\n    at Module._compile (E:\\New journy\\fundoNotes\\fundooNotes\\node_modules\\source-map-support\\source-map-support.js:568:25)\n    at Module.m._compile (C:\\Users\\hp\\AppData\\Local\\Temp\\ts-node-dev-hook-6233413849285214.js:69:33)\n    at Module._extensions..js (node:internal/modules/cjs/loader:1435:10)\n    at require.extensions..jsx.require.extensions..js (C:\\Users\\hp\\AppData\\Local\\Temp\\ts-node-dev-hook-6233413849285214.js:114:20)","timestamp":"2024-08-01T05:54:01.262Z","trace":[{"column":15,"file":"E:\\New journy\\fundoNotes\\fundooNotes\\node_modules\\sequelize\\src\\dialects\\abstract\\connection-manager.js","function":"ConnectionManager._loadDialectModule","line":81,"method":"_loadDialectModule","native":false},{"column":24,"file":"E:\\New journy\\fundoNotes\\fundooNotes\\node_modules\\sequelize\\src\\dialects\\postgres\\connection-manager.js","function":"new ConnectionManager","line":18,"method":null,"native":false},{"column":30,"file":"E:\\New journy\\fundoNotes\\fundooNotes\\node_modules\\sequelize\\src\\dialects\\postgres\\index.js","function":"new PostgresDialect","line":15,"method":null,"native":false},{"column":20,"file":"E:\\New journy\\fundoNotes\\fundooNotes\\node_modules\\sequelize\\src\\sequelize.js","function":"new Sequelize","line":368,"method":null,"native":false},{"column":19,"file":"E:\\New journy\\fundoNotes\\fundooNotes\\src\\config\\database.ts","function":null,"line":25,"method":null,"native":false},{"column":14,"file":"node:internal/modules/cjs/loader","function":"Module._compile","line":1376,"method":"_compile","native":false},{"column":25,"file":"E:\\New journy\\fundoNotes\\fundooNotes\\node_modules\\source-map-support\\source-map-support.js","function":"Module._compile","line":568,"method":"_compile","native":false},{"column":33,"file":"C:\\Users\\hp\\AppData\\Local\\Temp\\ts-node-dev-hook-6233413849285214.js","function":"Module.m._compile","line":69,"method":"_compile","native":false},{"column":10,"file":"node:internal/modules/cjs/loader","function":"Module._extensions..js","line":1435,"method":".js","native":false},{"column":20,"file":"C:\\Users\\hp\\AppData\\Local\\Temp\\ts-node-dev-hook-6233413849285214.js","function":"require.extensions..jsx.require.extensions..js","line":114,"method":".js","native":false}]}
error: uncaughtException: Unrecognized datatype for attribute "user.dob"
Error: Unrecognized datatype for attribute "user.dob"
    at E:\New journy\fundoNotes\fundooNotes\node_modules\sequelize\src\model.js:1046:15
    at E:\New journy\fundoNotes\fundooNotes\node_modules\lodash\lodash.js:13469:38
    at E:\New journy\fundoNotes\fundooNotes\node_modules\lodash\lodash.js:4967:15
    at baseForOwn (E:\New journy\fundoNotes\fundooNotes\node_modules\lodash\lodash.js:3032:24)
    at Function.mapValues (E:\New journy\fundoNotes\fundooNotes\node_modules\lodash\lodash.js:13468:7)
    at Function.init (E:\New journy\fundoNotes\fundooNotes\node_modules\sequelize\src\model.js:1042:28)
    at exports.default (E:\New journy\fundoNotes\fundooNotes\src\models\user.ts:26:8)
    at new UserService (E:\New journy\fundoNotes\fundooNotes\src\services\user.service.ts:7:22)
    at new UserController (E:\New journy\fundoNotes\fundooNotes\src\controllers\user.controller.ts:8:24)
    at new UserRoutes (E:\New journy\fundoNotes\fundooNotes\src\routes\user.route.ts:7:28) {"date":"Thu Aug 01 2024 12:12:12 GMT+0530 (India Standard Time)","error":{},"exception":true,"os":{"loadavg":[0,0,0],"uptime":76920.671},"process":{"argv":["C:\\Program Files\\nodejs\\node.exe","./src/index.ts"],"cwd":"E:\\New journy\\fundoNotes\\fundooNotes","execPath":"C:\\Program Files\\nodejs\\node.exe","gid":null,"memoryUsage":{"arrayBuffers":123710,"external":2356302,"heapTotal":53174272,"heapUsed":29080472,"rss":80769024},"pid":304,"uid":null,"version":"v20.10.0"},"stack":"Error: Unrecognized datatype for attribute \"user.dob\"\n    at E:\\New journy\\fundoNotes\\fundooNotes\\node_modules\\sequelize\\src\\model.js:1046:15\n    at E:\\New journy\\fundoNotes\\fundooNotes\\node_modules\\lodash\\lodash.js:13469:38\n    at E:\\New journy\\fundoNotes\\fundooNotes\\node_modules\\lodash\\lodash.js:4967:15\n    at baseForOwn (E:\\New journy\\fundoNotes\\fundooNotes\\node_modules\\lodash\\lodash.js:3032:24)\n    at Function.mapValues (E:\\New journy\\fundoNotes\\fundooNotes\\node_modules\\lodash\\lodash.js:13468:7)\n    at Function.init (E:\\New journy\\fundoNotes\\fundooNotes\\node_modules\\sequelize\\src\\model.js:1042:28)\n    at exports.default (E:\\New journy\\fundoNotes\\fundooNotes\\src\\models\\user.ts:26:8)\n    at new UserService (E:\\New journy\\fundoNotes\\fundooNotes\\src\\services\\user.service.ts:7:22)\n    at new UserController (E:\\New journy\\fundoNotes\\fundooNotes\\src\\controllers\\user.controller.ts:8:24)\n    at new UserRoutes (E:\\New journy\\fundoNotes\\fundooNotes\\src\\routes\\user.route.ts:7:28)","timestamp":"2024-08-01T06:42:12.959Z","trace":[{"column":15,"file":"E:\\New journy\\fundoNotes\\fundooNotes\\node_modules\\sequelize\\src\\model.js","function":null,"line":1046,"method":null,"native":false},{"column":38,"file":"E:\\New journy\\fundoNotes\\fundooNotes\\node_modules\\lodash\\lodash.js","function":null,"line":13469,"method":null,"native":false},{"column":15,"file":"E:\\New journy\\fundoNotes\\fundooNotes\\node_modules\\lodash\\lodash.js","function":null,"line":4967,"method":null,"native":false},{"column":24,"file":"E:\\New journy\\fundoNotes\\fundooNotes\\node_modules\\lodash\\lodash.js","function":"baseForOwn","line":3032,"method":null,"native":false},{"column":7,"file":"E:\\New journy\\fundoNotes\\fundooNotes\\node_modules\\lodash\\lodash.js","function":"Function.mapValues","line":13468,"method":"mapValues","native":false},{"column":28,"file":"E:\\New journy\\fundoNotes\\fundooNotes\\node_modules\\sequelize\\src\\model.js","function":"Function.init","line":1042,"method":"init","native":false},{"column":8,"file":"E:\\New journy\\fundoNotes\\fundooNotes\\src\\models\\user.ts","function":"exports.default","line":26,"method":"default","native":false},{"column":22,"file":"E:\\New journy\\fundoNotes\\fundooNotes\\src\\services\\user.service.ts","function":"new UserService","line":7,"method":null,"native":false},{"column":24,"file":"E:\\New journy\\fundoNotes\\fundooNotes\\src\\controllers\\user.controller.ts","function":"new UserController","line":8,"method":null,"native":false},{"column":28,"file":"E:\\New journy\\fundoNotes\\fundooNotes\\src\\routes\\user.route.ts","function":"new UserRoutes","line":7,"method":null,"native":false}]}
error: uncaughtException: Unrecognized datatype for attribute "user.dob"
Error: Unrecognized datatype for attribute "user.dob"
    at E:\New journy\fundoNotes\fundooNotes\node_modules\sequelize\src\model.js:1046:15
    at E:\New journy\fundoNotes\fundooNotes\node_modules\lodash\lodash.js:13469:38
    at E:\New journy\fundoNotes\fundooNotes\node_modules\lodash\lodash.js:4967:15
    at baseForOwn (E:\New journy\fundoNotes\fundooNotes\node_modules\lodash\lodash.js:3032:24)
    at Function.mapValues (E:\New journy\fundoNotes\fundooNotes\node_modules\lodash\lodash.js:13468:7)
    at Function.init (E:\New journy\fundoNotes\fundooNotes\node_modules\sequelize\src\model.js:1042:28)
    at exports.default (E:\New journy\fundoNotes\fundooNotes\src\models\user.ts:26:8)
    at new UserService (E:\New journy\fundoNotes\fundooNotes\src\services\user.service.ts:7:22)
    at new UserController (E:\New journy\fundoNotes\fundooNotes\src\controllers\user.controller.ts:8:24)
    at new UserRoutes (E:\New journy\fundoNotes\fundooNotes\src\routes\user.route.ts:7:28) {"date":"Thu Aug 01 2024 12:12:17 GMT+0530 (India Standard Time)","error":{},"exception":true,"os":{"loadavg":[0,0,0],"uptime":76924.718},"process":{"argv":["C:\\Program Files\\nodejs\\node.exe","./src/index.ts"],"cwd":"E:\\New journy\\fundoNotes\\fundooNotes","execPath":"C:\\Program Files\\nodejs\\node.exe","gid":null,"memoryUsage":{"arrayBuffers":123710,"external":2356302,"heapTotal":53436416,"heapUsed":29209416,"rss":80957440},"pid":13728,"uid":null,"version":"v20.10.0"},"stack":"Error: Unrecognized datatype for attribute \"user.dob\"\n    at E:\\New journy\\fundoNotes\\fundooNotes\\node_modules\\sequelize\\src\\model.js:1046:15\n    at E:\\New journy\\fundoNotes\\fundooNotes\\node_modules\\lodash\\lodash.js:13469:38\n    at E:\\New journy\\fundoNotes\\fundooNotes\\node_modules\\lodash\\lodash.js:4967:15\n    at baseForOwn (E:\\New journy\\fundoNotes\\fundooNotes\\node_modules\\lodash\\lodash.js:3032:24)\n    at Function.mapValues (E:\\New journy\\fundoNotes\\fundooNotes\\node_modules\\lodash\\lodash.js:13468:7)\n    at Function.init (E:\\New journy\\fundoNotes\\fundooNotes\\node_modules\\sequelize\\src\\model.js:1042:28)\n    at exports.default (E:\\New journy\\fundoNotes\\fundooNotes\\src\\models\\user.ts:26:8)\n    at new UserService (E:\\New journy\\fundoNotes\\fundooNotes\\src\\services\\user.service.ts:7:22)\n    at new UserController (E:\\New journy\\fundoNotes\\fundooNotes\\src\\controllers\\user.controller.ts:8:24)\n    at new UserRoutes (E:\\New journy\\fundoNotes\\fundooNotes\\src\\routes\\user.route.ts:7:28)","timestamp":"2024-08-01T06:42:17.013Z","trace":[{"column":15,"file":"E:\\New journy\\fundoNotes\\fundooNotes\\node_modules\\sequelize\\src\\model.js","function":null,"line":1046,"method":null,"native":false},{"column":38,"file":"E:\\New journy\\fundoNotes\\fundooNotes\\node_modules\\lodash\\lodash.js","function":null,"line":13469,"method":null,"native":false},{"column":15,"file":"E:\\New journy\\fundoNotes\\fundooNotes\\node_modules\\lodash\\lodash.js","function":null,"line":4967,"method":null,"native":false},{"column":24,"file":"E:\\New journy\\fundoNotes\\fundooNotes\\node_modules\\lodash\\lodash.js","function":"baseForOwn","line":3032,"method":null,"native":false},{"column":7,"file":"E:\\New journy\\fundoNotes\\fundooNotes\\node_modules\\lodash\\lodash.js","function":"Function.mapValues","line":13468,"method":"mapValues","native":false},{"column":28,"file":"E:\\New journy\\fundoNotes\\fundooNotes\\node_modules\\sequelize\\src\\model.js","function":"Function.init","line":1042,"method":"init","native":false},{"column":8,"file":"E:\\New journy\\fundoNotes\\fundooNotes\\src\\models\\user.ts","function":"exports.default","line":26,"method":"default","native":false},{"column":22,"file":"E:\\New journy\\fundoNotes\\fundooNotes\\src\\services\\user.service.ts","function":"new UserService","line":7,"method":null,"native":false},{"column":24,"file":"E:\\New journy\\fundoNotes\\fundooNotes\\src\\controllers\\user.controller.ts","function":"new UserController","line":8,"method":null,"native":false},{"column":28,"file":"E:\\New journy\\fundoNotes\\fundooNotes\\src\\routes\\user.route.ts","function":"new UserRoutes","line":7,"method":null,"native":false}]}
error: uncaughtException: Unrecognized datatype for attribute "user.dob"
Error: Unrecognized datatype for attribute "user.dob"
    at E:\New journy\fundoNotes\fundooNotes\node_modules\sequelize\src\model.js:1046:15
    at E:\New journy\fundoNotes\fundooNotes\node_modules\lodash\lodash.js:13469:38
    at E:\New journy\fundoNotes\fundooNotes\node_modules\lodash\lodash.js:4967:15
    at baseForOwn (E:\New journy\fundoNotes\fundooNotes\node_modules\lodash\lodash.js:3032:24)
    at Function.mapValues (E:\New journy\fundoNotes\fundooNotes\node_modules\lodash\lodash.js:13468:7)
    at Function.init (E:\New journy\fundoNotes\fundooNotes\node_modules\sequelize\src\model.js:1042:28)
    at exports.default (E:\New journy\fundoNotes\fundooNotes\src\models\user.ts:26:8)
    at new UserService (E:\New journy\fundoNotes\fundooNotes\src\services\user.service.ts:7:22)
    at new UserController (E:\New journy\fundoNotes\fundooNotes\src\controllers\user.controller.ts:8:24)
    at new UserRoutes (E:\New journy\fundoNotes\fundooNotes\src\routes\user.route.ts:7:28) {"date":"Thu Aug 01 2024 12:12:29 GMT+0530 (India Standard Time)","error":{},"exception":true,"os":{"loadavg":[0,0,0],"uptime":76936.937},"process":{"argv":["C:\\Program Files\\nodejs\\node.exe","./src/index.ts"],"cwd":"E:\\New journy\\fundoNotes\\fundooNotes","execPath":"C:\\Program Files\\nodejs\\node.exe","gid":null,"memoryUsage":{"arrayBuffers":123710,"external":2356302,"heapTotal":53698560,"heapUsed":28292608,"rss":80130048},"pid":1532,"uid":null,"version":"v20.10.0"},"stack":"Error: Unrecognized datatype for attribute \"user.dob\"\n    at E:\\New journy\\fundoNotes\\fundooNotes\\node_modules\\sequelize\\src\\model.js:1046:15\n    at E:\\New journy\\fundoNotes\\fundooNotes\\node_modules\\lodash\\lodash.js:13469:38\n    at E:\\New journy\\fundoNotes\\fundooNotes\\node_modules\\lodash\\lodash.js:4967:15\n    at baseForOwn (E:\\New journy\\fundoNotes\\fundooNotes\\node_modules\\lodash\\lodash.js:3032:24)\n    at Function.mapValues (E:\\New journy\\fundoNotes\\fundooNotes\\node_modules\\lodash\\lodash.js:13468:7)\n    at Function.init (E:\\New journy\\fundoNotes\\fundooNotes\\node_modules\\sequelize\\src\\model.js:1042:28)\n    at exports.default (E:\\New journy\\fundoNotes\\fundooNotes\\src\\models\\user.ts:26:8)\n    at new UserService (E:\\New journy\\fundoNotes\\fundooNotes\\src\\services\\user.service.ts:7:22)\n    at new UserController (E:\\New journy\\fundoNotes\\fundooNotes\\src\\controllers\\user.controller.ts:8:24)\n    at new UserRoutes (E:\\New journy\\fundoNotes\\fundooNotes\\src\\routes\\user.route.ts:7:28)","timestamp":"2024-08-01T06:42:29.218Z","trace":[{"column":15,"file":"E:\\New journy\\fundoNotes\\fundooNotes\\node_modules\\sequelize\\src\\model.js","function":null,"line":1046,"method":null,"native":false},{"column":38,"file":"E:\\New journy\\fundoNotes\\fundooNotes\\node_modules\\lodash\\lodash.js","function":null,"line":13469,"method":null,"native":false},{"column":15,"file":"E:\\New journy\\fundoNotes\\fundooNotes\\node_modules\\lodash\\lodash.js","function":null,"line":4967,"method":null,"native":false},{"column":24,"file":"E:\\New journy\\fundoNotes\\fundooNotes\\node_modules\\lodash\\lodash.js","function":"baseForOwn","line":3032,"method":null,"native":false},{"column":7,"file":"E:\\New journy\\fundoNotes\\fundooNotes\\node_modules\\lodash\\lodash.js","function":"Function.mapValues","line":13468,"method":"mapValues","native":false},{"column":28,"file":"E:\\New journy\\fundoNotes\\fundooNotes\\node_modules\\sequelize\\src\\model.js","function":"Function.init","line":1042,"method":"init","native":false},{"column":8,"file":"E:\\New journy\\fundoNotes\\fundooNotes\\src\\models\\user.ts","function":"exports.default","line":26,"method":"default","native":false},{"column":22,"file":"E:\\New journy\\fundoNotes\\fundooNotes\\src\\services\\user.service.ts","function":"new UserService","line":7,"method":null,"native":false},{"column":24,"file":"E:\\New journy\\fundoNotes\\fundooNotes\\src\\controllers\\user.controller.ts","function":"new UserController","line":8,"method":null,"native":false},{"column":28,"file":"E:\\New journy\\fundoNotes\\fundooNotes\\src\\routes\\user.route.ts","function":"new UserRoutes","line":7,"method":null,"native":false}]}
error: uncaughtException: Unrecognized datatype for attribute "user.dob"
Error: Unrecognized datatype for attribute "user.dob"
    at E:\New journy\fundoNotes\fundooNotes\node_modules\sequelize\src\model.js:1046:15
    at E:\New journy\fundoNotes\fundooNotes\node_modules\lodash\lodash.js:13469:38
    at E:\New journy\fundoNotes\fundooNotes\node_modules\lodash\lodash.js:4967:15
    at baseForOwn (E:\New journy\fundoNotes\fundooNotes\node_modules\lodash\lodash.js:3032:24)
    at Function.mapValues (E:\New journy\fundoNotes\fundooNotes\node_modules\lodash\lodash.js:13468:7)
    at Function.init (E:\New journy\fundoNotes\fundooNotes\node_modules\sequelize\src\model.js:1042:28)
    at exports.default (E:\New journy\fundoNotes\fundooNotes\src\models\user.ts:26:8)
    at new UserService (E:\New journy\fundoNotes\fundooNotes\src\services\user.service.ts:7:22)
    at new UserController (E:\New journy\fundoNotes\fundooNotes\src\controllers\user.controller.ts:8:24)
    at new UserRoutes (E:\New journy\fundoNotes\fundooNotes\src\routes\user.route.ts:7:28) {"date":"Thu Aug 01 2024 12:12:37 GMT+0530 (India Standard Time)","error":{},"exception":true,"os":{"loadavg":[0,0,0],"uptime":76945.484},"process":{"argv":["C:\\Program Files\\nodejs\\node.exe","./src/index.ts"],"cwd":"E:\\New journy\\fundoNotes\\fundooNotes","execPath":"C:\\Program Files\\nodejs\\node.exe","gid":null,"memoryUsage":{"arrayBuffers":123710,"external":2356302,"heapTotal":53436416,"heapUsed":28775560,"rss":80621568},"pid":13816,"uid":null,"version":"v20.10.0"},"stack":"Error: Unrecognized datatype for attribute \"user.dob\"\n    at E:\\New journy\\fundoNotes\\fundooNotes\\node_modules\\sequelize\\src\\model.js:1046:15\n    at E:\\New journy\\fundoNotes\\fundooNotes\\node_modules\\lodash\\lodash.js:13469:38\n    at E:\\New journy\\fundoNotes\\fundooNotes\\node_modules\\lodash\\lodash.js:4967:15\n    at baseForOwn (E:\\New journy\\fundoNotes\\fundooNotes\\node_modules\\lodash\\lodash.js:3032:24)\n    at Function.mapValues (E:\\New journy\\fundoNotes\\fundooNotes\\node_modules\\lodash\\lodash.js:13468:7)\n    at Function.init (E:\\New journy\\fundoNotes\\fundooNotes\\node_modules\\sequelize\\src\\model.js:1042:28)\n    at exports.default (E:\\New journy\\fundoNotes\\fundooNotes\\src\\models\\user.ts:26:8)\n    at new UserService (E:\\New journy\\fundoNotes\\fundooNotes\\src\\services\\user.service.ts:7:22)\n    at new UserController (E:\\New journy\\fundoNotes\\fundooNotes\\src\\controllers\\user.controller.ts:8:24)\n    at new UserRoutes (E:\\New journy\\fundoNotes\\fundooNotes\\src\\routes\\user.route.ts:7:28)","timestamp":"2024-08-01T06:42:37.771Z","trace":[{"column":15,"file":"E:\\New journy\\fundoNotes\\fundooNotes\\node_modules\\sequelize\\src\\model.js","function":null,"line":1046,"method":null,"native":false},{"column":38,"file":"E:\\New journy\\fundoNotes\\fundooNotes\\node_modules\\lodash\\lodash.js","function":null,"line":13469,"method":null,"native":false},{"column":15,"file":"E:\\New journy\\fundoNotes\\fundooNotes\\node_modules\\lodash\\lodash.js","function":null,"line":4967,"method":null,"native":false},{"column":24,"file":"E:\\New journy\\fundoNotes\\fundooNotes\\node_modules\\lodash\\lodash.js","function":"baseForOwn","line":3032,"method":null,"native":false},{"column":7,"file":"E:\\New journy\\fundoNotes\\fundooNotes\\node_modules\\lodash\\lodash.js","function":"Function.mapValues","line":13468,"method":"mapValues","native":false},{"column":28,"file":"E:\\New journy\\fundoNotes\\fundooNotes\\node_modules\\sequelize\\src\\model.js","function":"Function.init","line":1042,"method":"init","native":false},{"column":8,"file":"E:\\New journy\\fundoNotes\\fundooNotes\\src\\models\\user.ts","function":"exports.default","line":26,"method":"default","native":false},{"column":22,"file":"E:\\New journy\\fundoNotes\\fundooNotes\\src\\services\\user.service.ts","function":"new UserService","line":7,"method":null,"native":false},{"column":24,"file":"E:\\New journy\\fundoNotes\\fundooNotes\\src\\controllers\\user.controller.ts","function":"new UserController","line":8,"method":null,"native":false},{"column":28,"file":"E:\\New journy\\fundoNotes\\fundooNotes\\src\\routes\\user.route.ts","function":"new UserRoutes","line":7,"method":null,"native":false}]}
error: 
    status - 500 
    message - Error: 
    at Query.run (E:\New journy\fundoNotes\fundooNotes\node_modules\sequelize\src\dialects\postgres\query.js:76:25)
    at E:\New journy\fundoNotes\fundooNotes\node_modules\sequelize\src\sequelize.js:650:28
    at processTicksAndRejections (node:internal/process/task_queues:95:5)
    at PostgresQueryInterface.insert (E:\New journy\fundoNotes\fundooNotes\node_modules\sequelize\src\dialects\abstract\query-interface.js:795:21)
    at User.save (E:\New journy\fundoNotes\fundooNotes\node_modules\sequelize\src\model.js:4154:35)
    at Function.create (E:\New journy\fundoNotes\fundooNotes\node_modules\sequelize\src\model.js:2305:12) 
    url - /api/v1/users/ 
    method - POST 
    IP - ::1
   {"timestamp":"2024-08-01T06:50:21.338Z"}
error: uncaughtException: Validation error
Error: 
    at Query.run (E:\New journy\fundoNotes\fundooNotes\node_modules\sequelize\src\dialects\postgres\query.js:76:25)
    at E:\New journy\fundoNotes\fundooNotes\node_modules\sequelize\src\sequelize.js:650:28
    at processTicksAndRejections (node:internal/process/task_queues:95:5)
    at PostgresQueryInterface.createTable (E:\New journy\fundoNotes\fundooNotes\node_modules\sequelize\src\dialects\abstract\query-interface.js:229:12)
    at Function.sync (E:\New journy\fundoNotes\fundooNotes\node_modules\sequelize\src\model.js:1353:7)
    at Sequelize.sync (E:\New journy\fundoNotes\fundooNotes\node_modules\sequelize\src\sequelize.js:825:9) {"date":"Thu Aug 01 2024 12:22:07 GMT+0530 (India Standard Time)","error":{"errors":[{"instance":null,"message":"relname must be unique","origin":"DB","path":"relname","type":"unique violation","validatorArgs":[],"validatorKey":"not_unique","validatorName":null,"value":"users_id_seq"},{"instance":null,"message":"relnamespace must be unique","origin":"DB","path":"relnamespace","type":"unique violation","validatorArgs":[],"validatorKey":"not_unique","validatorName":null,"value":"2200"}],"fields":{"relname":"users_id_seq","relnamespace":"2200"},"name":"SequelizeUniqueConstraintError","original":{"code":"23505","constraint":"pg_class_relname_nsp_index","detail":"Key (relname, relnamespace)=(users_id_seq, 2200) already exists.","file":"nbtinsert.c","length":255,"line":"673","name":"error","routine":"_bt_check_unique","schema":"pg_catalog","severity":"ERROR","sql":"CREATE TABLE IF NOT EXISTS \"users\" (\"id\"  SERIAL , \"firstName\" VARCHAR(255) NOT NULL, \"lastName\" VARCHAR(255) NOT NULL, \"email\" VARCHAR(255) NOT NULL, \"password\" VARCHAR(255) NOT NULL, \"mobile\" VARCHAR(255) NOT NULL, \"gender\" VARCHAR(255) NOT NULL, \"dob\" DATE NOT NULL, PRIMARY KEY (\"id\"));","table":"pg_class"},"parent":{"code":"23505","constraint":"pg_class_relname_nsp_index","detail":"Key (relname, relnamespace)=(users_id_seq, 2200) already exists.","file":"nbtinsert.c","length":255,"line":"673","name":"error","routine":"_bt_check_unique","schema":"pg_catalog","severity":"ERROR","sql":"CREATE TABLE IF NOT EXISTS \"users\" (\"id\"  SERIAL , \"firstName\" VARCHAR(255) NOT NULL, \"lastName\" VARCHAR(255) NOT NULL, \"email\" VARCHAR(255) NOT NULL, \"password\" VARCHAR(255) NOT NULL, \"mobile\" VARCHAR(255) NOT NULL, \"gender\" VARCHAR(255) NOT NULL, \"dob\" DATE NOT NULL, PRIMARY KEY (\"id\"));","table":"pg_class"},"sql":"CREATE TABLE IF NOT EXISTS \"users\" (\"id\"  SERIAL , \"firstName\" VARCHAR(255) NOT NULL, \"lastName\" VARCHAR(255) NOT NULL, \"email\" VARCHAR(255) NOT NULL, \"password\" VARCHAR(255) NOT NULL, \"mobile\" VARCHAR(255) NOT NULL, \"gender\" VARCHAR(255) NOT NULL, \"dob\" DATE NOT NULL, PRIMARY KEY (\"id\"));"},"exception":true,"os":{"loadavg":[0,0,0],"uptime":77515.625},"process":{"argv":["C:\\Program Files\\nodejs\\node.exe","./src/index.ts"],"cwd":"E:\\New journy\\fundoNotes\\fundooNotes","execPath":"C:\\Program Files\\nodejs\\node.exe","gid":null,"memoryUsage":{"arrayBuffers":86131,"external":2446498,"heapTotal":54497280,"heapUsed":33201368,"rss":85495808},"pid":13780,"uid":null,"version":"v20.10.0"},"stack":"Error: \n    at Query.run (E:\\New journy\\fundoNotes\\fundooNotes\\node_modules\\sequelize\\src\\dialects\\postgres\\query.js:76:25)\n    at E:\\New journy\\fundoNotes\\fundooNotes\\node_modules\\sequelize\\src\\sequelize.js:650:28\n    at processTicksAndRejections (node:internal/process/task_queues:95:5)\n    at PostgresQueryInterface.createTable (E:\\New journy\\fundoNotes\\fundooNotes\\node_modules\\sequelize\\src\\dialects\\abstract\\query-interface.js:229:12)\n    at Function.sync (E:\\New journy\\fundoNotes\\fundooNotes\\node_modules\\sequelize\\src\\model.js:1353:7)\n    at Sequelize.sync (E:\\New journy\\fundoNotes\\fundooNotes\\node_modules\\sequelize\\src\\sequelize.js:825:9)","timestamp":"2024-08-01T06:52:07.905Z","trace":[{"column":25,"file":"E:\\New journy\\fundoNotes\\fundooNotes\\node_modules\\sequelize\\src\\dialects\\postgres\\query.js","function":"Query.run","line":76,"method":"run","native":false},{"column":28,"file":"E:\\New journy\\fundoNotes\\fundooNotes\\node_modules\\sequelize\\src\\sequelize.js","function":null,"line":650,"method":null,"native":false},{"column":5,"file":"node:internal/process/task_queues","function":"processTicksAndRejections","line":95,"method":null,"native":false},{"column":12,"file":"E:\\New journy\\fundoNotes\\fundooNotes\\node_modules\\sequelize\\src\\dialects\\abstract\\query-interface.js","function":"PostgresQueryInterface.createTable","line":229,"method":"createTable","native":false},{"column":7,"file":"E:\\New journy\\fundoNotes\\fundooNotes\\node_modules\\sequelize\\src\\model.js","function":"Function.sync","line":1353,"method":"sync","native":false},{"column":9,"file":"E:\\New journy\\fundoNotes\\fundooNotes\\node_modules\\sequelize\\src\\sequelize.js","function":"Sequelize.sync","line":825,"method":"sync","native":false}]}
error: uncaughtException: Route.post() requires a callback function but got a [object Undefined]
Error: Route.post() requires a callback function but got a [object Undefined]
    at Route.<computed> [as post] (E:\New journy\fundoNotes\fundooNotes\node_modules\express\lib\router\route.js:216:15)
    at Function.proto.<computed> [as post] (E:\New journy\fundoNotes\fundooNotes\node_modules\express\lib\router\index.js:521:19)
    at UserRoutes.routes (E:\New journy\fundoNotes\fundooNotes\src\routes\user.route.ts:21:17)
    at new UserRoutes (E:\New journy\fundoNotes\fundooNotes\src\routes\user.route.ts:12:10)
    at routes (E:\New journy\fundoNotes\fundooNotes\src\routes\index.ts:17:12)
    at App.initializeRoutes (E:\New journy\fundoNotes\fundooNotes\src\index.ts:45:52)
    at new App (E:\New journy\fundoNotes\fundooNotes\src\index.ts:31:10)
    at Object.<anonymous> (E:\New journy\fundoNotes\fundooNotes\src\index.ts:67:13)
    at Module._compile (node:internal/modules/cjs/loader:1376:14)
    at Module._compile (E:\New journy\fundoNotes\fundooNotes\node_modules\source-map-support\source-map-support.js:568:25) {"date":"Thu Aug 01 2024 12:27:17 GMT+0530 (India Standard Time)","error":{},"exception":true,"os":{"loadavg":[0,0,0],"uptime":77825.218},"process":{"argv":["C:\\Program Files\\nodejs\\node.exe","./src/index.ts"],"cwd":"E:\\New journy\\fundoNotes\\fundooNotes","execPath":"C:\\Program Files\\nodejs\\node.exe","gid":null,"memoryUsage":{"arrayBuffers":118066,"external":2350636,"heapTotal":52805632,"heapUsed":25761472,"rss":78188544},"pid":3020,"uid":null,"version":"v20.10.0"},"stack":"Error: Route.post() requires a callback function but got a [object Undefined]\n    at Route.<computed> [as post] (E:\\New journy\\fundoNotes\\fundooNotes\\node_modules\\express\\lib\\router\\route.js:216:15)\n    at Function.proto.<computed> [as post] (E:\\New journy\\fundoNotes\\fundooNotes\\node_modules\\express\\lib\\router\\index.js:521:19)\n    at UserRoutes.routes (E:\\New journy\\fundoNotes\\fundooNotes\\src\\routes\\user.route.ts:21:17)\n    at new UserRoutes (E:\\New journy\\fundoNotes\\fundooNotes\\src\\routes\\user.route.ts:12:10)\n    at routes (E:\\New journy\\fundoNotes\\fundooNotes\\src\\routes\\index.ts:17:12)\n    at App.initializeRoutes (E:\\New journy\\fundoNotes\\fundooNotes\\src\\index.ts:45:52)\n    at new App (E:\\New journy\\fundoNotes\\fundooNotes\\src\\index.ts:31:10)\n    at Object.<anonymous> (E:\\New journy\\fundoNotes\\fundooNotes\\src\\index.ts:67:13)\n    at Module._compile (node:internal/modules/cjs/loader:1376:14)\n    at Module._compile (E:\\New journy\\fundoNotes\\fundooNotes\\node_modules\\source-map-support\\source-map-support.js:568:25)","timestamp":"2024-08-01T06:57:17.513Z","trace":[{"column":15,"file":"E:\\New journy\\fundoNotes\\fundooNotes\\node_modules\\express\\lib\\router\\route.js","function":"Route.<computed> [as post]","line":216,"method":"<computed> [as post]","native":false},{"column":19,"file":"E:\\New journy\\fundoNotes\\fundooNotes\\node_modules\\express\\lib\\router\\index.js","function":"Function.proto.<computed> [as post]","line":521,"method":"<computed> [as post]","native":false},{"column":17,"file":"E:\\New journy\\fundoNotes\\fundooNotes\\src\\routes\\user.route.ts","function":"UserRoutes.routes","line":21,"method":"routes","native":false},{"column":10,"file":"E:\\New journy\\fundoNotes\\fundooNotes\\src\\routes\\user.route.ts","function":"new UserRoutes","line":12,"method":null,"native":false},{"column":12,"file":"E:\\New journy\\fundoNotes\\fundooNotes\\src\\routes\\index.ts","function":"routes","line":17,"method":null,"native":false},{"column":52,"file":"E:\\New journy\\fundoNotes\\fundooNotes\\src\\index.ts","function":"App.initializeRoutes","line":45,"method":"initializeRoutes","native":false},{"column":10,"file":"E:\\New journy\\fundoNotes\\fundooNotes\\src\\index.ts","function":"new App","line":31,"method":null,"native":false},{"column":13,"file":"E:\\New journy\\fundoNotes\\fundooNotes\\src\\index.ts","function":null,"line":67,"method":null,"native":false},{"column":14,"file":"node:internal/modules/cjs/loader","function":"Module._compile","line":1376,"method":"_compile","native":false},{"column":25,"file":"E:\\New journy\\fundoNotes\\fundooNotes\\node_modules\\source-map-support\\source-map-support.js","function":"Module._compile","line":568,"method":"_compile","native":false}]}
error: uncaughtException: Route.post() requires a callback function but got a [object Undefined]
Error: Route.post() requires a callback function but got a [object Undefined]
    at Route.<computed> [as post] (E:\New journy\fundoNotes\fundooNotes\node_modules\express\lib\router\route.js:216:15)
    at Function.proto.<computed> [as post] (E:\New journy\fundoNotes\fundooNotes\node_modules\express\lib\router\index.js:521:19)
    at UserRoutes.routes (E:\New journy\fundoNotes\fundooNotes\src\routes\user.route.ts:21:17)
    at new UserRoutes (E:\New journy\fundoNotes\fundooNotes\src\routes\user.route.ts:12:10)
    at routes (E:\New journy\fundoNotes\fundooNotes\src\routes\index.ts:17:12)
    at App.initializeRoutes (E:\New journy\fundoNotes\fundooNotes\src\index.ts:45:52)
    at new App (E:\New journy\fundoNotes\fundooNotes\src\index.ts:31:10)
    at Object.<anonymous> (E:\New journy\fundoNotes\fundooNotes\src\index.ts:67:13)
    at Module._compile (node:internal/modules/cjs/loader:1376:14)
    at Module._compile (E:\New journy\fundoNotes\fundooNotes\node_modules\source-map-support\source-map-support.js:568:25) {"date":"Thu Aug 01 2024 12:27:21 GMT+0530 (India Standard Time)","error":{},"exception":true,"os":{"loadavg":[0,0,0],"uptime":77829.671},"process":{"argv":["C:\\Program Files\\nodejs\\node.exe","./src/index.ts"],"cwd":"E:\\New journy\\fundoNotes\\fundooNotes","execPath":"C:\\Program Files\\nodejs\\node.exe","gid":null,"memoryUsage":{"arrayBuffers":118066,"external":2350636,"heapTotal":52805632,"heapUsed":25548208,"rss":77946880},"pid":5792,"uid":null,"version":"v20.10.0"},"stack":"Error: Route.post() requires a callback function but got a [object Undefined]\n    at Route.<computed> [as post] (E:\\New journy\\fundoNotes\\fundooNotes\\node_modules\\express\\lib\\router\\route.js:216:15)\n    at Function.proto.<computed> [as post] (E:\\New journy\\fundoNotes\\fundooNotes\\node_modules\\express\\lib\\router\\index.js:521:19)\n    at UserRoutes.routes (E:\\New journy\\fundoNotes\\fundooNotes\\src\\routes\\user.route.ts:21:17)\n    at new UserRoutes (E:\\New journy\\fundoNotes\\fundooNotes\\src\\routes\\user.route.ts:12:10)\n    at routes (E:\\New journy\\fundoNotes\\fundooNotes\\src\\routes\\index.ts:17:12)\n    at App.initializeRoutes (E:\\New journy\\fundoNotes\\fundooNotes\\src\\index.ts:45:52)\n    at new App (E:\\New journy\\fundoNotes\\fundooNotes\\src\\index.ts:31:10)\n    at Object.<anonymous> (E:\\New journy\\fundoNotes\\fundooNotes\\src\\index.ts:67:13)\n    at Module._compile (node:internal/modules/cjs/loader:1376:14)\n    at Module._compile (E:\\New journy\\fundoNotes\\fundooNotes\\node_modules\\source-map-support\\source-map-support.js:568:25)","timestamp":"2024-08-01T06:57:21.961Z","trace":[{"column":15,"file":"E:\\New journy\\fundoNotes\\fundooNotes\\node_modules\\express\\lib\\router\\route.js","function":"Route.<computed> [as post]","line":216,"method":"<computed> [as post]","native":false},{"column":19,"file":"E:\\New journy\\fundoNotes\\fundooNotes\\node_modules\\express\\lib\\router\\index.js","function":"Function.proto.<computed> [as post]","line":521,"method":"<computed> [as post]","native":false},{"column":17,"file":"E:\\New journy\\fundoNotes\\fundooNotes\\src\\routes\\user.route.ts","function":"UserRoutes.routes","line":21,"method":"routes","native":false},{"column":10,"file":"E:\\New journy\\fundoNotes\\fundooNotes\\src\\routes\\user.route.ts","function":"new UserRoutes","line":12,"method":null,"native":false},{"column":12,"file":"E:\\New journy\\fundoNotes\\fundooNotes\\src\\routes\\index.ts","function":"routes","line":17,"method":null,"native":false},{"column":52,"file":"E:\\New journy\\fundoNotes\\fundooNotes\\src\\index.ts","function":"App.initializeRoutes","line":45,"method":"initializeRoutes","native":false},{"column":10,"file":"E:\\New journy\\fundoNotes\\fundooNotes\\src\\index.ts","function":"new App","line":31,"method":null,"native":false},{"column":13,"file":"E:\\New journy\\fundoNotes\\fundooNotes\\src\\index.ts","function":null,"line":67,"method":null,"native":false},{"column":14,"file":"node:internal/modules/cjs/loader","function":"Module._compile","line":1376,"method":"_compile","native":false},{"column":25,"file":"E:\\New journy\\fundoNotes\\fundooNotes\\node_modules\\source-map-support\\source-map-support.js","function":"Module._compile","line":568,"method":"_compile","native":false}]}
error: 
    status - 500 
    message - Error: The argument passed to findOne must be an options object, use findByPk if you wish to pass a single primary key value
    at Function.findOne (E:\New journy\fundoNotes\fundooNotes\node_modules\sequelize\src\model.js:1972:13)
    at UserService.<anonymous> (E:\New journy\fundoNotes\fundooNotes\src\services\user.service.ts:37:34)
    at Generator.next (<anonymous>)
    at E:\New journy\fundoNotes\fundooNotes\src\services\user.service.ts:31:71
    at new Promise (<anonymous>)
    at __awaiter (E:\New journy\fundoNotes\fundooNotes\src\services\user.service.ts:27:12)
    at UserService.login (E:\New journy\fundoNotes\fundooNotes\src\services\user.service.ts:36:43)
    at UserController.<anonymous> (E:\New journy\fundoNotes\fundooNotes\src\controllers\user.controller.ts:45:43)
    at Generator.next (<anonymous>)
    at E:\New journy\fundoNotes\fundooNotes\src\controllers\user.controller.ts:8:71 
    url - /api/v1/users/login 
    method - POST 
    IP - ::1
   {"timestamp":"2024-08-01T07:11:30.666Z"}
error: 
    status - 500 
    message - SequelizeValidationError: notNull Violation: user.firstName cannot be null,
notNull Violation: user.lastName cannot be null,
notNull Violation: user.mobile cannot be null,
notNull Violation: user.gender cannot be null,
notNull Violation: user.dob cannot be null
    at InstanceValidator._validate (E:\New journy\fundoNotes\fundooNotes\node_modules\sequelize\src\instance-validator.js:78:13)
    at processTicksAndRejections (node:internal/process/task_queues:95:5)
    at InstanceValidator._validateAndRunHooks (E:\New journy\fundoNotes\fundooNotes\node_modules\sequelize\src\instance-validator.js:111:7)
    at InstanceValidator.validate (E:\New journy\fundoNotes\fundooNotes\node_modules\sequelize\src\instance-validator.js:93:12)
    at User.save (E:\New journy\fundoNotes\fundooNotes\node_modules\sequelize\src\model.js:4077:7)
    at Function.create (E:\New journy\fundoNotes\fundooNotes\node_modules\sequelize\src\model.js:2305:12) 
    url - /api/v1/users/register 
    method - POST 
    IP - ::1
   {"timestamp":"2024-08-01T07:38:39.325Z"}
