info: ::1 - - [01/Aug/2024:06:25:08 +0000] "GET / HTTP/1.1" 404 47 "-" "PostmanRuntime/7.40.0"

info: ::1 - - [01/Aug/2024:06:25:18 +0000] "GET / HTTP/1.1" 404 47 "-" "PostmanRuntime/7.40.0"

info: ::1 - - [01/Aug/2024:06:26:46 +0000] "GET /api/v1/ HTTP/1.1" 200 9 "-" "PostmanRuntime/7.40.0"

info: ::1 - - [01/Aug/2024:06:27:34 +0000] "GET /api/v1/ HTTP/1.1" 200 28 "-" "PostmanRuntime/7.40.0"

info: ::1 - - [01/Aug/2024:06:46:20 +0000] "GET /api/v1/user HTTP/1.1" 404 47 "-" "PostmanRuntime/7.40.0"

info: ::1 - - [01/Aug/2024:06:46:35 +0000] "GET /api/v1/users HTTP/1.1" 200 65 "-" "PostmanRuntime/7.40.0"

info: ::1 - - [01/Aug/2024:06:49:31 +0000] "POST /api/v1/users/ HTTP/1.1" 201 202 "-" "PostmanRuntime/7.40.0"

info: ::1 - - [01/Aug/2024:06:50:21 +0000] "POST /api/v1/users/ HTTP/1.1" 500 87 "-" "PostmanRuntime/7.40.0"

info: ::1 - - [01/Aug/2024:06:50:33 +0000] "POST /api/v1/users/ HTTP/1.1" 201 201 "-" "PostmanRuntime/7.40.0"

info: ::1 - - [01/Aug/2024:06:54:01 +0000] "POST /api/v1/users/ HTTP/1.1" 201 203 "-" "PostmanRuntime/7.40.0"

info: ::1 - - [01/Aug/2024:06:58:41 +0000] "POST /api/v1/register HTTP/1.1" 201 203 "-" "PostmanRuntime/7.40.0"

info: ::1 - - [01/Aug/2024:07:09:18 +0000] "POST /api/v1/users/login HTTP/1.1" 404 47 "-" "PostmanRuntime/7.40.0"

info: ::1 - - [01/Aug/2024:07:09:50 +0000] "POST /api/v1/users/login HTTP/1.1" 404 47 "-" "PostmanRuntime/7.40.0"

info: ::1 - - [01/Aug/2024:07:10:40 +0000] "POST /api/v1/users/login HTTP/1.1" 404 47 "-" "PostmanRuntime/7.40.0"

info: ::1 - - [01/Aug/2024:07:10:41 +0000] "POST /api/v1/users/login HTTP/1.1" 404 47 "-" "PostmanRuntime/7.40.0"

info: ::1 - - [01/Aug/2024:07:11:30 +0000] "POST /api/v1/users/login HTTP/1.1" 500 152 "-" "PostmanRuntime/7.40.0"

info: ::1 - - [01/Aug/2024:07:12:54 +0000] "POST /api/v1/users/login HTTP/1.1" 200 203 "-" "PostmanRuntime/7.40.0"

info: ::1 - - [01/Aug/2024:07:36:57 +0000] "GET /api/v1/users/register HTTP/1.1" 404 47 "-" "PostmanRuntime/7.40.0"

info: ::1 - - [01/Aug/2024:07:37:59 +0000] "GET /api/v1/users/register HTTP/1.1" 404 47 "-" "PostmanRuntime/7.40.0"

info: ::1 - - [01/Aug/2024:07:38:39 +0000] "POST /api/v1/users/register HTTP/1.1" 500 274 "-" "PostmanRuntime/7.40.0"

info: ::1 - - [01/Aug/2024:07:39:16 +0000] "POST /api/v1/users/login HTTP/1.1" 200 203 "-" "PostmanRuntime/7.40.0"

info: ::1 - - [01/Aug/2024:07:40:03 +0000] "POST /api/v1/users/login HTTP/1.1" 200 62 "-" "PostmanRuntime/7.40.0"

info: ::1 - - [01/Aug/2024:07:41:27 +0000] "POST /api/v1/users HTTP/1.1" 404 47 "-" "PostmanRuntime/7.40.0"

info: ::1 - - [01/Aug/2024:07:41:43 +0000] "POST /api/v1/users/register HTTP/1.1" 201 197 "-" "PostmanRuntime/7.40.0"

info: ::1 - - [01/Aug/2024:07:45:37 +0000] "POST /api/v1/users/login HTTP/1.1" 200 201 "-" "PostmanRuntime/7.40.0"

info: ::1 - - [01/Aug/2024:07:45:44 +0000] "POST /api/v1/users/login HTTP/1.1" 200 201 "-" "PostmanRuntime/7.40.0"

info: ::1 - - [01/Aug/2024:07:45:57 +0000] "POST /api/v1/users/login HTTP/1.1" 200 62 "-" "PostmanRuntime/7.40.0"

info: ::1 - - [01/Aug/2024:11:28:44 +0000] "POST /api/v1/users/login HTTP/1.1" 200 49 "-" "PostmanRuntime/7.40.0"

info: ::1 - - [01/Aug/2024:11:29:39 +0000] "POST /api/v1/users/login HTTP/1.1" 200 188 "-" "PostmanRuntime/7.40.0"

info: ::1 - - [01/Aug/2024:11:32:51 +0000] "POST /api/v1/users/login HTTP/1.1" 200 188 "-" "PostmanRuntime/7.40.0"

info: ::1 - - [01/Aug/2024:11:52:31 +0000] "POST /api/v1/users/login HTTP/1.1" 200 49 "-" "PostmanRuntime/7.40.0"

info: ::1 - - [01/Aug/2024:11:52:43 +0000] "POST /api/v1/users/login HTTP/1.1" 200 188 "-" "PostmanRuntime/7.40.0"

info: ::1 - - [01/Aug/2024:11:54:08 +0000] "POST /api/v1/users/login HTTP/1.1" 200 44 "-" "PostmanRuntime/7.40.0"

info: ::1 - - [01/Aug/2024:11:54:18 +0000] "POST /api/v1/users/login HTTP/1.1" 200 188 "-" "PostmanRuntime/7.40.0"

info: ::1 - - [01/Aug/2024:11:54:24 +0000] "POST /api/v1/users/login HTTP/1.1" 200 44 "-" "PostmanRuntime/7.40.0"

info: ::1 - - [01/Aug/2024:11:58:59 +0000] "POST /api/v1/users/login HTTP/1.1" 200 37 "-" "PostmanRuntime/7.40.0"

info: ::1 - - [01/Aug/2024:11:59:56 +0000] "POST /api/v1/users/login HTTP/1.1" 200 49 "-" "PostmanRuntime/7.40.0"

info: ::1 - - [01/Aug/2024:12:00:09 +0000] "POST /api/v1/users/login HTTP/1.1" 200 188 "-" "PostmanRuntime/7.40.0"

info: ::1 - - [01/Aug/2024:12:00:18 +0000] "POST /api/v1/users/login HTTP/1.1" 200 49 "-" "PostmanRuntime/7.40.0"

info: ::1 - - [01/Aug/2024:12:00:27 +0000] "POST /api/v1/users/login HTTP/1.1" 200 49 "-" "PostmanRuntime/7.40.0"

info: ::1 - - [01/Aug/2024:12:02:10 +0000] "POST /api/v1/users/login HTTP/1.1" 200 49 "-" "PostmanRuntime/7.40.0"

info: ::1 - - [01/Aug/2024:12:02:19 +0000] "POST /api/v1/users/login HTTP/1.1" 200 186 "-" "PostmanRuntime/7.40.0"

info: ::1 - - [01/Aug/2024:12:13:50 +0000] "POST /api/v1/users/login HTTP/1.1" 200 186 "-" "PostmanRuntime/7.40.0"

info: ::1 - - [01/Aug/2024:12:13:56 +0000] "POST /api/v1/users/login HTTP/1.1" 200 49 "-" "PostmanRuntime/7.40.0"

